#
# There is insufficient memory for the Java Runtime Environment to continue.
# Native memory allocation (malloc) failed to allocate 128656 bytes. Error detail: Chunk::new
# Possible reasons:
#   The system is out of physical RAM or swap space
#   This process is running with CompressedOops enabled, and the Java Heap may be blocking the growth of the native heap
# Possible solutions:
#   Reduce memory load on the system
#   Increase physical memory or swap space
#   Check if swap backing store is full
#   Decrease Java heap size (-Xmx/-Xms)
#   Decrease number of Java threads
#   Decrease Java thread stack sizes (-Xss)
#   Set larger code cache with -XX:ReservedCodeCacheSize=
#   JVM is running with Unscaled Compressed Oops mode in which the Java heap is
#     placed in the first 4GB address space. The Java Heap base address is the
#     maximum limit for the native heap growth. Please use -XX:HeapBaseMinAddress
#     to set the Java Heap base and to place the Java Heap above 4GB virtual address.
# This output file may be truncated or incomplete.
#
#  Out of Memory Error (arena.cpp:168), pid=4232, tid=11912
#
# JRE version: OpenJDK Runtime Environment Temurin-21.0.10+7 (21.0.10+7) (build 21.0.10+7-LTS)
# Java VM: OpenJDK 64-Bit Server VM Temurin-21.0.10+7 (21.0.10+7-LTS, mixed mode, sharing, tiered, compressed oops, compressed class ptrs, g1 gc, windows-amd64)
# No core dump will be written. Minidumps are not enabled by default on client versions of Windows
#

---------------  S U M M A R Y ------------

Command Line: --add-opens=java.base/java.lang=ALL-UNNAMED --add-opens=java.base/java.lang.invoke=ALL-UNNAMED --add-opens=java.base/java.util=ALL-UNNAMED --add-opens=java.prefs/java.util.prefs=ALL-UNNAMED --add-exports=jdk.compiler/com.sun.tools.javac.api=ALL-UNNAMED --add-exports=jdk.compiler/com.sun.tools.javac.util=ALL-UNNAMED --add-opens=java.base/java.util=ALL-UNNAMED --add-opens=java.prefs/java.util.prefs=ALL-UNNAMED --add-opens=java.base/java.nio.charset=ALL-UNNAMED --add-opens=java.base/java.net=ALL-UNNAMED --add-opens=java.base/java.util.concurrent.atomic=ALL-UNNAMED --add-opens=java.xml/javax.xml.namespace=ALL-UNNAMED -Xmx2048m -Dfile.encoding=UTF-8 -Duser.country=US -Duser.language=en -Duser.variant -javaagent:C:\Users\User\.gradle\wrapper\dists\gradle-8.13-bin\5xuhj0ry160q40clulazy9h7d\gradle-8.13\lib\agents\gradle-instrumentation-agent-8.13.jar org.gradle.launcher.daemon.bootstrap.GradleDaemon 8.13

Host: 12th Gen Intel(R) Core(TM) i9-12900H, 20 cores, 15G,  Windows 11 , 64 bit Build 26100 (10.0.26100.8246)
Time: Sat Apr 18 09:45:45 2026 FLE Daylight Time elapsed time: 561.544338 seconds (0d 0h 9m 21s)

---------------  T H R E A D  ---------------

Current thread (0x00000249863061c0):  JavaThread "C2 CompilerThread2" daemon [_thread_in_native, id=11912, stack(0x0000005bbe700000,0x0000005bbe800000) (1024K)]


Current CompileTask:
C2:561544 16879       4       org.jetbrains.kotlin.com.intellij.openapi.vfs.impl.ZipEntryMap::get (6 bytes)

Stack: [0x0000005bbe700000,0x0000005bbe800000]
Native frames: (J=compiled Java code, j=interpreted, Vv=VM code, C=native code)
V  [jvm.dll+0x6d7a39]
V  [jvm.dll+0x8b4b26]
V  [jvm.dll+0x8b70de]
V  [jvm.dll+0x8b77c3]
V  [jvm.dll+0x284346]
V  [jvm.dll+0xc66ed]
V  [jvm.dll+0xc6c31]
V  [jvm.dll+0x3bec01]
V  [jvm.dll+0x38b162]
V  [jvm.dll+0x38a5aa]
V  [jvm.dll+0x24c560]
V  [jvm.dll+0x24bb40]
V  [jvm.dll+0x1cb34e]
V  [jvm.dll+0x25b85d]
V  [jvm.dll+0x259dea]
V  [jvm.dll+0x3f857e]
V  [jvm.dll+0x85f59d]
V  [jvm.dll+0x6d626d]
C  [ucrtbase.dll+0x37b0]
C  [KERNEL32.DLL+0x2e8d7]
C  [ntdll.dll+0x8c3fc]


---------------  P R O C E S S  ---------------

Threads class SMR info:
_java_thread_list=0x000002498d80c3c0, length=41, elements={
0x00000249a0440ea0, 0x00000249ba9af5d0, 0x00000249ba9b2140, 0x00000249ba9b4f10,
0x00000249ba9d5980, 0x00000249ba9d6b80, 0x00000249ba9d7790, 0x00000249ba9d9cf0,
0x00000249ba9da8c0, 0x00000249bac12d90, 0x00000249bac77a80, 0x0000024981d3aa60,
0x0000024981e42f20, 0x0000024981d2b470, 0x0000024981e7b9c0, 0x0000024981e7d400,
0x0000024981e7c6e0, 0x0000024981ebb810, 0x0000024981eb90b0, 0x0000024981eb9740,
0x0000024981eb9dd0, 0x0000024981ebcbc0, 0x000002498005e3a0, 0x0000024982cb04b0,
0x0000024982cb1860, 0x0000024982cb0b40, 0x0000024982cb32a0, 0x0000024982cb2580,
0x0000024982cafe20, 0x0000024982cb2c10, 0x0000024982cb3930, 0x0000024982cb3fc0,
0x0000024986302470, 0x0000024986303210, 0x0000024986302b40, 0x0000024986304d50,
0x00000249863061c0, 0x0000024986306890, 0x00000249863038e0, 0x0000024986306f60,
0x0000024986307630
}

Java Threads: ( => current thread )
  0x00000249a0440ea0 JavaThread "main"                              [_thread_blocked, id=42552, stack(0x0000005bbbd00000,0x0000005bbbe00000) (1024K)]
  0x00000249ba9af5d0 JavaThread "Reference Handler"          daemon [_thread_blocked, id=37944, stack(0x0000005bbc500000,0x0000005bbc600000) (1024K)]
  0x00000249ba9b2140 JavaThread "Finalizer"                  daemon [_thread_blocked, id=39508, stack(0x0000005bbc600000,0x0000005bbc700000) (1024K)]
  0x00000249ba9b4f10 JavaThread "Signal Dispatcher"          daemon [_thread_blocked, id=41004, stack(0x0000005bbc700000,0x0000005bbc800000) (1024K)]
  0x00000249ba9d5980 JavaThread "Attach Listener"            daemon [_thread_blocked, id=2384, stack(0x0000005bbc800000,0x0000005bbc900000) (1024K)]
  0x00000249ba9d6b80 JavaThread "Service Thread"             daemon [_thread_blocked, id=40748, stack(0x0000005bbc900000,0x0000005bbca00000) (1024K)]
  0x00000249ba9d7790 JavaThread "Monitor Deflation Thread"   daemon [_thread_blocked, id=34420, stack(0x0000005bbca00000,0x0000005bbcb00000) (1024K)]
  0x00000249ba9d9cf0 JavaThread "C2 CompilerThread0"         daemon [_thread_in_native, id=13524, stack(0x0000005bbcb00000,0x0000005bbcc00000) (1024K)]
  0x00000249ba9da8c0 JavaThread "C1 CompilerThread0"         daemon [_thread_blocked, id=8120, stack(0x0000005bbcc00000,0x0000005bbcd00000) (1024K)]
  0x00000249bac12d90 JavaThread "Common-Cleaner"             daemon [_thread_blocked, id=42380, stack(0x0000005bbd200000,0x0000005bbd300000) (1024K)]
  0x00000249bac77a80 JavaThread "Notification Thread"        daemon [_thread_blocked, id=14744, stack(0x0000005bbd300000,0x0000005bbd400000) (1024K)]
  0x0000024981d3aa60 JavaThread "Daemon health stats"               [_thread_blocked, id=38820, stack(0x0000005bbd600000,0x0000005bbd700000) (1024K)]
  0x0000024981e42f20 JavaThread "Incoming local TCP Connector on port 49249"        [_thread_in_native, id=41604, stack(0x0000005bbdf00000,0x0000005bbe000000) (1024K)]
  0x0000024981d2b470 JavaThread "Daemon periodic checks"            [_thread_blocked, id=43264, stack(0x0000005bbe000000,0x0000005bbe100000) (1024K)]
  0x0000024981e7b9c0 JavaThread "Cache worker for journal cache (C:\Users\User\.gradle\caches\journal-1)"        [_thread_blocked, id=41448, stack(0x0000005bbe800000,0x0000005bbe900000) (1024K)]
  0x0000024981e7d400 JavaThread "File lock request listener"        [_thread_in_native, id=41420, stack(0x0000005bbe900000,0x0000005bbea00000) (1024K)]
  0x0000024981e7c6e0 JavaThread "Cache worker for file hash cache (C:\Users\User\.gradle\caches\8.13\fileHashes)"        [_thread_blocked, id=6360, stack(0x0000005bbea00000,0x0000005bbeb00000) (1024K)]
  0x0000024981ebb810 JavaThread "File watcher server"        daemon [_thread_in_native, id=11652, stack(0x0000005bbd100000,0x0000005bbd200000) (1024K)]
  0x0000024981eb90b0 JavaThread "File watcher consumer"      daemon [_thread_blocked, id=34492, stack(0x0000005bbd400000,0x0000005bbd500000) (1024K)]
  0x0000024981eb9740 JavaThread "jar transforms"                    [_thread_blocked, id=25080, stack(0x0000005bbf600000,0x0000005bbf700000) (1024K)]
  0x0000024981eb9dd0 JavaThread "jar transforms Thread 2"           [_thread_blocked, id=35636, stack(0x0000005bbd000000,0x0000005bbd100000) (1024K)]
  0x0000024981ebcbc0 JavaThread "Cache worker for file content cache (C:\Users\User\.gradle\caches\8.13\fileContent)"        [_thread_blocked, id=39100, stack(0x0000005bbf800000,0x0000005bbf900000) (1024K)]
  0x000002498005e3a0 JavaThread "Memory manager"                    [_thread_blocked, id=14784, stack(0x0000005bbfc00000,0x0000005bbfd00000) (1024K)]
  0x0000024982cb04b0 JavaThread "Daemon Thread 2"                   [_thread_blocked, id=28828, stack(0x0000005bbba00000,0x0000005bbbb00000) (1024K)]
  0x0000024982cb1860 JavaThread "Handler for socket connection from /127.0.0.1:49249 to /127.0.0.1:56896"        [_thread_in_native, id=27820, stack(0x0000005bbbb00000,0x0000005bbbc00000) (1024K)]
  0x0000024982cb0b40 JavaThread "Cancel handler"                    [_thread_blocked, id=40640, stack(0x0000005bbbc00000,0x0000005bbbd00000) (1024K)]
  0x0000024982cb32a0 JavaThread "Daemon worker Thread 2"            [_thread_in_vm, id=36432, stack(0x0000005bbcd00000,0x0000005bbce00000) (1024K)]
  0x0000024982cb2580 JavaThread "Asynchronous log dispatcher for DefaultDaemonConnection: socket connection from /127.0.0.1:49249 to /127.0.0.1:56896"        [_thread_blocked, id=4080, stack(0x0000005bbce00000,0x0000005bbcf00000) (1024K)]
  0x0000024982cafe20 JavaThread "Stdin handler"                     [_thread_blocked, id=42304, stack(0x0000005bbcf00000,0x0000005bbd000000) (1024K)]
  0x0000024982cb2c10 JavaThread "Daemon client event forwarder"        [_thread_blocked, id=41572, stack(0x0000005bbd500000,0x0000005bbd600000) (1024K)]
  0x0000024982cb3930 JavaThread "Cache worker for file hash cache (D:\User\Documents\3D-AGROBOT-Tues-Fest-repo\Frontend\3D AGROBOT APP\.gradle\8.13\fileHashes)"        [_thread_blocked, id=21364, stack(0x0000005bbe100000,0x0000005bbe200000) (1024K)]
  0x0000024982cb3fc0 JavaThread "Cache worker for Build Output Cleanup Cache (D:\User\Documents\3D-AGROBOT-Tues-Fest-repo\Frontend\3D AGROBOT APP\.gradle\buildOutputCleanup)"        [_thread_blocked, id=38816, stack(0x0000005bbe200000,0x0000005bbe300000) (1024K)]
  0x0000024986302470 JavaThread "C1 CompilerThread1"         daemon [_thread_blocked, id=43236, stack(0x0000005bbe300000,0x0000005bbe400000) (1024K)]
  0x0000024986303210 JavaThread "C1 CompilerThread2"         daemon [_thread_blocked, id=36156, stack(0x0000005bbe400000,0x0000005bbe500000) (1024K)]
  0x0000024986302b40 JavaThread "C1 CompilerThread3"         daemon [_thread_blocked, id=36592, stack(0x0000005bbe500000,0x0000005bbe600000) (1024K)]
  0x0000024986304d50 JavaThread "C2 CompilerThread1"         daemon [_thread_in_native, id=23308, stack(0x0000005bbe600000,0x0000005bbe700000) (1024K)]
=>0x00000249863061c0 JavaThread "C2 CompilerThread2"         daemon [_thread_in_native, id=11912, stack(0x0000005bbe700000,0x0000005bbe800000) (1024K)]
  0x0000024986306890 JavaThread "C2 CompilerThread3"         daemon [_thread_in_native, id=42268, stack(0x0000005bbf400000,0x0000005bbf500000) (1024K)]
  0x00000249863038e0 JavaThread "C2 CompilerThread4"         daemon [_thread_in_native, id=37632, stack(0x0000005bbf500000,0x0000005bbf600000) (1024K)]
  0x0000024986306f60 JavaThread "C2 CompilerThread5"         daemon [_thread_in_native, id=22652, stack(0x0000005bbf700000,0x0000005bbf800000) (1024K)]
  0x0000024986307630 JavaThread "C2 CompilerThread6"         daemon [_thread_in_native, id=20012, stack(0x0000005bbf900000,0x0000005bbfa00000) (1024K)]
Total: 41

Other Threads:
  0x00000249ba7fe100 VMThread "VM Thread"                           [id=37584, stack(0x0000005bbc400000,0x0000005bbc500000) (1024K)]
  0x00000249ba9a09d0 WatcherThread "VM Periodic Task Thread"        [id=14580, stack(0x0000005bbc300000,0x0000005bbc400000) (1024K)]
  0x00000249a0499ad0 WorkerThread "GC Thread#0"                     [id=37828, stack(0x0000005bbbe00000,0x0000005bbbf00000) (1024K)]
  0x000002498041a560 WorkerThread "GC Thread#1"                     [id=35072, stack(0x0000005bbd700000,0x0000005bbd800000) (1024K)]
  0x0000024980627840 WorkerThread "GC Thread#2"                     [id=37340, stack(0x0000005bbd800000,0x0000005bbd900000) (1024K)]
  0x0000024980627bf0 WorkerThread "GC Thread#3"                     [id=37328, stack(0x0000005bbd900000,0x0000005bbda00000) (1024K)]
  0x00000249801ae2c0 WorkerThread "GC Thread#4"                     [id=41460, stack(0x0000005bbda00000,0x0000005bbdb00000) (1024K)]
  0x00000249801ae670 WorkerThread "GC Thread#5"                     [id=42920, stack(0x0000005bbdb00000,0x0000005bbdc00000) (1024K)]
  0x000002498168e700 WorkerThread "GC Thread#6"                     [id=41312, stack(0x0000005bbdc00000,0x0000005bbdd00000) (1024K)]
  0x00000249809cc700 WorkerThread "GC Thread#7"                     [id=2452, stack(0x0000005bbdd00000,0x0000005bbde00000) (1024K)]
  0x00000249809ccab0 WorkerThread "GC Thread#8"                     [id=33036, stack(0x0000005bbde00000,0x0000005bbdf00000) (1024K)]
  0x0000024984422680 WorkerThread "GC Thread#9"                     [id=41436, stack(0x0000005bbeb00000,0x0000005bbec00000) (1024K)]
  0x0000024984421060 WorkerThread "GC Thread#10"                    [id=39424, stack(0x0000005bbec00000,0x0000005bbed00000) (1024K)]
  0x0000024984421410 WorkerThread "GC Thread#11"                    [id=11408, stack(0x0000005bbed00000,0x0000005bbee00000) (1024K)]
  0x00000249844217c0 WorkerThread "GC Thread#12"                    [id=40424, stack(0x0000005bbee00000,0x0000005bbef00000) (1024K)]
  0x0000024984421b70 WorkerThread "GC Thread#13"                    [id=39564, stack(0x0000005bbef00000,0x0000005bbf000000) (1024K)]
  0x00000249844222d0 WorkerThread "GC Thread#14"                    [id=38036, stack(0x0000005bbf000000,0x0000005bbf100000) (1024K)]
  0x00000249a04aa9d0 ConcurrentGCThread "G1 Main Marker"            [id=31204, stack(0x0000005bbbf00000,0x0000005bbc000000) (1024K)]
  0x00000249a04acc10 WorkerThread "G1 Conc#0"                       [id=28176, stack(0x0000005bbc000000,0x0000005bbc100000) (1024K)]
  0x00000249836718f0 WorkerThread "G1 Conc#1"                       [id=3692, stack(0x0000005bbf100000,0x0000005bbf200000) (1024K)]
  0x0000024983670680 WorkerThread "G1 Conc#2"                       [id=38616, stack(0x0000005bbf200000,0x0000005bbf300000) (1024K)]
  0x0000024983670de0 WorkerThread "G1 Conc#3"                       [id=40380, stack(0x0000005bbf300000,0x0000005bbf400000) (1024K)]
  0x00000249ba742470 ConcurrentGCThread "G1 Refine#0"               [id=11940, stack(0x0000005bbc100000,0x0000005bbc200000) (1024K)]
  0x00000249ba742e00 ConcurrentGCThread "G1 Service"                [id=40620, stack(0x0000005bbc200000,0x0000005bbc300000) (1024K)]
Total: 24

Threads with active compile tasks:
C2 CompilerThread0  561560 16886       4       org.jetbrains.kotlin.com.intellij.openapi.vfs.impl.ArchiveHandler::directoryEntry (144 bytes)
C2 CompilerThread1  561560 16887       4       java.util.zip.ZipFile::getZipEntry (322 bytes)
C2 CompilerThread2  561560 16879       4       org.jetbrains.kotlin.com.intellij.openapi.vfs.impl.ZipEntryMap::get (6 bytes)
C2 CompilerThread3  561560 16891       4       org.jetbrains.kotlin.com.intellij.openapi.vfs.impl.ZipEntryMap::put (13 bytes)
C2 CompilerThread4  561560 16894       4       java.util.zip.ZipFile$ZipEntryIterator::nextElement (5 bytes)
C2 CompilerThread5  561560 16882       4       java.lang.String::newStringUTF8NoRepl (322 bytes)
C2 CompilerThread6  561560 16883       4       java.util.zip.ZipCoder$UTF8ZipCoder::toString (12 bytes)
Total: 7

VM state: not at safepoint (normal execution)

VM Mutex/Monitor currently owned by a thread: None

Heap address: 0x0000000080000000, size: 2048 MB, Compressed Oops mode: 32-bit

CDS archive(s) mapped at: [0x00000249bb000000-0x00000249bbba0000-0x00000249bbba0000), size 12189696, SharedBaseAddress: 0x00000249bb000000, ArchiveRelocationMode: 1.
Compressed class space mapped at: 0x00000249bc000000-0x00000249fc000000, reserved size: 1073741824
Narrow klass base: 0x00000249bb000000, Narrow klass shift: 0, Narrow klass range: 0x100000000

GC Precious Log:
 CardTable entry size: 512
 Card Set container configuration: InlinePtr #cards 5 size 8 Array Of Cards #cards 12 size 40 Howl #buckets 4 coarsen threshold 1843 Howl Bitmap #cards 512 size 80 coarsen threshold 460 Card regions per heap region 1 cards per card region 2048
 CPUs: 20 total, 20 available
 Memory: 16124M
 Large Page Support: Disabled
 NUMA Support: Disabled
 Compressed Oops: Enabled (32-bit)
 Heap Region Size: 1M
 Heap Min Capacity: 8M
 Heap Initial Capacity: 252M
 Heap Max Capacity: 2G
 Pre-touch: Disabled
 Parallel Workers: 15
 Concurrent Workers: 4
 Concurrent Refinement Workers: 15
 Periodic GC: Disabled

Heap:
 garbage-first heap   total 234496K, used 162057K [0x0000000080000000, 0x0000000100000000)
  region size 1024K, 31 young (31744K), 7 survivors (7168K)
 Metaspace       used 129666K, committed 132160K, reserved 1179648K
  class space    used 18483K, committed 19712K, reserved 1048576K

Heap Regions: E=young(eden), S=young(survivor), O=old, HS=humongous(starts), HC=humongous(continues), CS=collection set, F=free, TAMS=top-at-mark-start, PB=parsable bottom
|   0|0x0000000080000000, 0x0000000080100000, 0x0000000080100000|100%|HS|  |TAMS 0x0000000080000000| PB 0x0000000080000000| Complete 
|   1|0x0000000080100000, 0x0000000080200000, 0x0000000080200000|100%|HC|  |TAMS 0x0000000080100000| PB 0x0000000080100000| Complete 
|   2|0x0000000080200000, 0x0000000080300000, 0x0000000080300000|100%|HC|  |TAMS 0x0000000080200000| PB 0x0000000080200000| Complete 
|   3|0x0000000080300000, 0x0000000080400000, 0x0000000080400000|100%| O|  |TAMS 0x0000000080300000| PB 0x0000000080300000| Untracked 
|   4|0x0000000080400000, 0x0000000080500000, 0x0000000080500000|100%| O|  |TAMS 0x0000000080400000| PB 0x0000000080400000| Untracked 
|   5|0x0000000080500000, 0x0000000080600000, 0x0000000080600000|100%| O|  |TAMS 0x0000000080500000| PB 0x0000000080500000| Untracked 
|   6|0x0000000080600000, 0x0000000080700000, 0x0000000080700000|100%|HS|  |TAMS 0x0000000080600000| PB 0x0000000080600000| Complete 
|   7|0x0000000080700000, 0x0000000080800000, 0x0000000080800000|100%| O|  |TAMS 0x0000000080700000| PB 0x0000000080700000| Untracked 
|   8|0x0000000080800000, 0x0000000080900000, 0x0000000080900000|100%| O|  |TAMS 0x0000000080800000| PB 0x0000000080800000| Untracked 
|   9|0x0000000080900000, 0x0000000080a00000, 0x0000000080a00000|100%| O|  |TAMS 0x0000000080900000| PB 0x0000000080900000| Untracked 
|  10|0x0000000080a00000, 0x0000000080b00000, 0x0000000080b00000|100%| O|  |TAMS 0x0000000080a00000| PB 0x0000000080a00000| Untracked 
|  11|0x0000000080b00000, 0x0000000080c00000, 0x0000000080c00000|100%| O|  |TAMS 0x0000000080b00000| PB 0x0000000080b00000| Untracked 
|  12|0x0000000080c00000, 0x0000000080d00000, 0x0000000080d00000|100%| O|  |TAMS 0x0000000080c00000| PB 0x0000000080c00000| Untracked 
|  13|0x0000000080d00000, 0x0000000080e00000, 0x0000000080e00000|100%| O|  |TAMS 0x0000000080d00000| PB 0x0000000080d00000| Untracked 
|  14|0x0000000080e00000, 0x0000000080f00000, 0x0000000080f00000|100%| O|  |TAMS 0x0000000080e00000| PB 0x0000000080e00000| Untracked 
|  15|0x0000000080f00000, 0x0000000081000000, 0x0000000081000000|100%| O|  |TAMS 0x0000000080f00000| PB 0x0000000080f00000| Untracked 
|  16|0x0000000081000000, 0x0000000081100000, 0x0000000081100000|100%| O|  |TAMS 0x0000000081000000| PB 0x0000000081000000| Untracked 
|  17|0x0000000081100000, 0x0000000081200000, 0x0000000081200000|100%| O|Cm|TAMS 0x0000000081100000| PB 0x0000000081100000| Complete 
|  18|0x0000000081200000, 0x0000000081300000, 0x0000000081300000|100%|HS|  |TAMS 0x0000000081200000| PB 0x0000000081200000| Complete 
|  19|0x0000000081300000, 0x0000000081400000, 0x0000000081400000|100%| O|  |TAMS 0x0000000081300000| PB 0x0000000081300000| Untracked 
|  20|0x0000000081400000, 0x0000000081500000, 0x0000000081500000|100%| O|  |TAMS 0x0000000081400000| PB 0x0000000081400000| Untracked 
|  21|0x0000000081500000, 0x0000000081600000, 0x0000000081600000|100%| O|  |TAMS 0x0000000081500000| PB 0x0000000081500000| Untracked 
|  22|0x0000000081600000, 0x0000000081700000, 0x0000000081700000|100%| O|  |TAMS 0x0000000081600000| PB 0x0000000081600000| Untracked 
|  23|0x0000000081700000, 0x0000000081800000, 0x0000000081800000|100%| O|  |TAMS 0x0000000081700000| PB 0x0000000081700000| Untracked 
|  24|0x0000000081800000, 0x0000000081900000, 0x0000000081900000|100%| O|  |TAMS 0x0000000081800000| PB 0x0000000081800000| Untracked 
|  25|0x0000000081900000, 0x0000000081a00000, 0x0000000081a00000|100%| O|  |TAMS 0x0000000081900000| PB 0x0000000081900000| Untracked 
|  26|0x0000000081a00000, 0x0000000081b00000, 0x0000000081b00000|100%| O|  |TAMS 0x0000000081a00000| PB 0x0000000081a00000| Untracked 
|  27|0x0000000081b00000, 0x0000000081c00000, 0x0000000081c00000|100%| O|  |TAMS 0x0000000081b00000| PB 0x0000000081b00000| Untracked 
|  28|0x0000000081c00000, 0x0000000081d00000, 0x0000000081d00000|100%| O|  |TAMS 0x0000000081c00000| PB 0x0000000081c00000| Untracked 
|  29|0x0000000081d00000, 0x0000000081e00000, 0x0000000081e00000|100%| O|  |TAMS 0x0000000081d00000| PB 0x0000000081d00000| Untracked 
|  30|0x0000000081e00000, 0x0000000081f00000, 0x0000000081f00000|100%| O|  |TAMS 0x0000000081e00000| PB 0x0000000081e00000| Untracked 
|  31|0x0000000081f00000, 0x0000000082000000, 0x0000000082000000|100%| O|  |TAMS 0x0000000081f00000| PB 0x0000000081f00000| Untracked 
|  32|0x0000000082000000, 0x0000000082100000, 0x0000000082100000|100%| O|  |TAMS 0x0000000082000000| PB 0x0000000082000000| Untracked 
|  33|0x0000000082100000, 0x0000000082200000, 0x0000000082200000|100%| O|  |TAMS 0x0000000082100000| PB 0x0000000082100000| Untracked 
|  34|0x0000000082200000, 0x0000000082300000, 0x0000000082300000|100%| O|  |TAMS 0x0000000082200000| PB 0x0000000082200000| Untracked 
|  35|0x0000000082300000, 0x0000000082400000, 0x0000000082400000|100%| O|  |TAMS 0x0000000082300000| PB 0x0000000082300000| Untracked 
|  36|0x0000000082400000, 0x0000000082500000, 0x0000000082500000|100%| O|  |TAMS 0x0000000082400000| PB 0x0000000082400000| Untracked 
|  37|0x0000000082500000, 0x0000000082600000, 0x0000000082600000|100%| O|  |TAMS 0x0000000082500000| PB 0x0000000082500000| Untracked 
|  38|0x0000000082600000, 0x0000000082700000, 0x0000000082700000|100%| O|  |TAMS 0x0000000082600000| PB 0x0000000082600000| Untracked 
|  39|0x0000000082700000, 0x0000000082800000, 0x0000000082800000|100%| O|  |TAMS 0x0000000082700000| PB 0x0000000082700000| Untracked 
|  40|0x0000000082800000, 0x0000000082900000, 0x0000000082900000|100%| O|  |TAMS 0x0000000082800000| PB 0x0000000082800000| Untracked 
|  41|0x0000000082900000, 0x0000000082a00000, 0x0000000082a00000|100%| O|  |TAMS 0x0000000082900000| PB 0x0000000082900000| Untracked 
|  42|0x0000000082a00000, 0x0000000082b00000, 0x0000000082b00000|100%| O|  |TAMS 0x0000000082a00000| PB 0x0000000082a00000| Untracked 
|  43|0x0000000082b00000, 0x0000000082b00000, 0x0000000082c00000|  0%| F|  |TAMS 0x0000000082b00000| PB 0x0000000082b00000| Untracked 
|  44|0x0000000082c00000, 0x0000000082c00000, 0x0000000082d00000|  0%| F|  |TAMS 0x0000000082c00000| PB 0x0000000082c00000| Untracked 
|  45|0x0000000082d00000, 0x0000000082e00000, 0x0000000082e00000|100%| O|  |TAMS 0x0000000082d00000| PB 0x0000000082d00000| Untracked 
|  46|0x0000000082e00000, 0x0000000082f00000, 0x0000000082f00000|100%| O|  |TAMS 0x0000000082e00000| PB 0x0000000082e00000| Untracked 
|  47|0x0000000082f00000, 0x0000000083000000, 0x0000000083000000|100%|HS|  |TAMS 0x0000000082f00000| PB 0x0000000082f00000| Complete 
|  48|0x0000000083000000, 0x0000000083100000, 0x0000000083100000|100%|HS|  |TAMS 0x0000000083000000| PB 0x0000000083000000| Complete 
|  49|0x0000000083100000, 0x0000000083200000, 0x0000000083200000|100%|HS|  |TAMS 0x0000000083100000| PB 0x0000000083100000| Complete 
|  50|0x0000000083200000, 0x0000000083300000, 0x0000000083300000|100%|HC|  |TAMS 0x0000000083200000| PB 0x0000000083200000| Complete 
|  51|0x0000000083300000, 0x0000000083400000, 0x0000000083400000|100%| O|  |TAMS 0x0000000083300000| PB 0x0000000083300000| Untracked 
|  52|0x0000000083400000, 0x0000000083500000, 0x0000000083500000|100%| O|  |TAMS 0x0000000083400000| PB 0x0000000083400000| Untracked 
|  53|0x0000000083500000, 0x0000000083600000, 0x0000000083600000|100%| O|  |TAMS 0x0000000083500000| PB 0x0000000083500000| Untracked 
|  54|0x0000000083600000, 0x0000000083700000, 0x0000000083700000|100%| O|  |TAMS 0x0000000083600000| PB 0x0000000083600000| Untracked 
|  55|0x0000000083700000, 0x0000000083800000, 0x0000000083800000|100%| O|  |TAMS 0x0000000083700000| PB 0x0000000083700000| Untracked 
|  56|0x0000000083800000, 0x0000000083900000, 0x0000000083900000|100%|HS|  |TAMS 0x0000000083800000| PB 0x0000000083800000| Complete 
|  57|0x0000000083900000, 0x0000000083a00000, 0x0000000083a00000|100%|HC|  |TAMS 0x0000000083900000| PB 0x0000000083900000| Complete 
|  58|0x0000000083a00000, 0x0000000083b00000, 0x0000000083b00000|100%|HS|  |TAMS 0x0000000083a00000| PB 0x0000000083a00000| Complete 
|  59|0x0000000083b00000, 0x0000000083c00000, 0x0000000083c00000|100%|HC|  |TAMS 0x0000000083b00000| PB 0x0000000083b00000| Complete 
|  60|0x0000000083c00000, 0x0000000083d00000, 0x0000000083d00000|100%|HC|  |TAMS 0x0000000083c00000| PB 0x0000000083c00000| Complete 
|  61|0x0000000083d00000, 0x0000000083e00000, 0x0000000083e00000|100%|HS|  |TAMS 0x0000000083d00000| PB 0x0000000083d00000| Complete 
|  62|0x0000000083e00000, 0x0000000083f00000, 0x0000000083f00000|100%|HS|  |TAMS 0x0000000083e00000| PB 0x0000000083e00000| Complete 
|  63|0x0000000083f00000, 0x0000000084000000, 0x0000000084000000|100%| O|  |TAMS 0x0000000083f00000| PB 0x0000000083f00000| Untracked 
|  64|0x0000000084000000, 0x0000000084100000, 0x0000000084100000|100%|HS|  |TAMS 0x0000000084000000| PB 0x0000000084000000| Complete 
|  65|0x0000000084100000, 0x0000000084200000, 0x0000000084200000|100%|HS|  |TAMS 0x0000000084100000| PB 0x0000000084100000| Complete 
|  66|0x0000000084200000, 0x0000000084300000, 0x0000000084300000|100%| O|  |TAMS 0x0000000084200000| PB 0x0000000084200000| Untracked 
|  67|0x0000000084300000, 0x0000000084400000, 0x0000000084400000|100%| O|  |TAMS 0x0000000084300000| PB 0x0000000084300000| Untracked 
|  68|0x0000000084400000, 0x0000000084500000, 0x0000000084500000|100%| O|  |TAMS 0x0000000084400000| PB 0x0000000084400000| Untracked 
|  69|0x0000000084500000, 0x0000000084600000, 0x0000000084600000|100%|HS|  |TAMS 0x0000000084500000| PB 0x0000000084500000| Complete 
|  70|0x0000000084600000, 0x0000000084700000, 0x0000000084700000|100%| O|  |TAMS 0x0000000084600000| PB 0x0000000084600000| Untracked 
|  71|0x0000000084700000, 0x0000000084800000, 0x0000000084800000|100%| O|  |TAMS 0x0000000084700000| PB 0x0000000084700000| Untracked 
|  72|0x0000000084800000, 0x0000000084900000, 0x0000000084900000|100%| O|  |TAMS 0x0000000084800000| PB 0x0000000084800000| Untracked 
|  73|0x0000000084900000, 0x0000000084a00000, 0x0000000084a00000|100%| O|  |TAMS 0x0000000084900000| PB 0x0000000084900000| Untracked 
|  74|0x0000000084a00000, 0x0000000084b00000, 0x0000000084b00000|100%| O|  |TAMS 0x0000000084a00000| PB 0x0000000084a00000| Untracked 
|  75|0x0000000084b00000, 0x0000000084c00000, 0x0000000084c00000|100%| O|  |TAMS 0x0000000084b00000| PB 0x0000000084b00000| Untracked 
|  76|0x0000000084c00000, 0x0000000084d00000, 0x0000000084d00000|100%| O|  |TAMS 0x0000000084c00000| PB 0x0000000084c00000| Untracked 
|  77|0x0000000084d00000, 0x0000000084e00000, 0x0000000084e00000|100%| O|Cm|TAMS 0x0000000084d00000| PB 0x0000000084d00000| Complete 
|  78|0x0000000084e00000, 0x0000000084f00000, 0x0000000084f00000|100%| O|  |TAMS 0x0000000084e00000| PB 0x0000000084e00000| Untracked 
|  79|0x0000000084f00000, 0x0000000085000000, 0x0000000085000000|100%|HS|  |TAMS 0x0000000084f00000| PB 0x0000000084f00000| Complete 
|  80|0x0000000085000000, 0x0000000085100000, 0x0000000085100000|100%|HC|  |TAMS 0x0000000085000000| PB 0x0000000085000000| Complete 
|  81|0x0000000085100000, 0x0000000085200000, 0x0000000085200000|100%|HC|  |TAMS 0x0000000085100000| PB 0x0000000085100000| Complete 
|  82|0x0000000085200000, 0x0000000085300000, 0x0000000085300000|100%| O|  |TAMS 0x0000000085200000| PB 0x0000000085200000| Untracked 
|  83|0x0000000085300000, 0x0000000085400000, 0x0000000085400000|100%| O|  |TAMS 0x0000000085300000| PB 0x0000000085300000| Untracked 
|  84|0x0000000085400000, 0x0000000085500000, 0x0000000085500000|100%| O|  |TAMS 0x0000000085400000| PB 0x0000000085400000| Untracked 
|  85|0x0000000085500000, 0x0000000085600000, 0x0000000085600000|100%| O|  |TAMS 0x0000000085500000| PB 0x0000000085500000| Untracked 
|  86|0x0000000085600000, 0x0000000085700000, 0x0000000085700000|100%| O|  |TAMS 0x0000000085600000| PB 0x0000000085600000| Untracked 
|  87|0x0000000085700000, 0x0000000085800000, 0x0000000085800000|100%| O|  |TAMS 0x0000000085700000| PB 0x0000000085700000| Untracked 
|  88|0x0000000085800000, 0x0000000085900000, 0x0000000085900000|100%| O|  |TAMS 0x0000000085800000| PB 0x0000000085800000| Untracked 
|  89|0x0000000085900000, 0x0000000085a00000, 0x0000000085a00000|100%| O|  |TAMS 0x0000000085900000| PB 0x0000000085900000| Untracked 
|  90|0x0000000085a00000, 0x0000000085b00000, 0x0000000085b00000|100%| O|  |TAMS 0x0000000085a00000| PB 0x0000000085a00000| Untracked 
|  91|0x0000000085b00000, 0x0000000085c00000, 0x0000000085c00000|100%| O|  |TAMS 0x0000000085b00000| PB 0x0000000085b00000| Untracked 
|  92|0x0000000085c00000, 0x0000000085d00000, 0x0000000085d00000|100%|HS|  |TAMS 0x0000000085c00000| PB 0x0000000085c00000| Complete 
|  93|0x0000000085d00000, 0x0000000085e00000, 0x0000000085e00000|100%| O|  |TAMS 0x0000000085d00000| PB 0x0000000085d00000| Untracked 
|  94|0x0000000085e00000, 0x0000000085f00000, 0x0000000085f00000|100%| O|  |TAMS 0x0000000085e00000| PB 0x0000000085e00000| Untracked 
|  95|0x0000000085f00000, 0x0000000086000000, 0x0000000086000000|100%| O|  |TAMS 0x0000000085f00000| PB 0x0000000085f00000| Untracked 
|  96|0x0000000086000000, 0x0000000086100000, 0x0000000086100000|100%| O|  |TAMS 0x0000000086000000| PB 0x0000000086000000| Untracked 
|  97|0x0000000086100000, 0x0000000086200000, 0x0000000086200000|100%| O|  |TAMS 0x0000000086100000| PB 0x0000000086100000| Untracked 
|  98|0x0000000086200000, 0x0000000086300000, 0x0000000086300000|100%| O|  |TAMS 0x0000000086200000| PB 0x0000000086200000| Untracked 
|  99|0x0000000086300000, 0x0000000086400000, 0x0000000086400000|100%| O|  |TAMS 0x0000000086300000| PB 0x0000000086300000| Untracked 
| 100|0x0000000086400000, 0x0000000086500000, 0x0000000086500000|100%| O|  |TAMS 0x0000000086400000| PB 0x0000000086400000| Untracked 
| 101|0x0000000086500000, 0x0000000086600000, 0x0000000086600000|100%| O|  |TAMS 0x0000000086500000| PB 0x0000000086500000| Untracked 
| 102|0x0000000086600000, 0x0000000086700000, 0x0000000086700000|100%| O|  |TAMS 0x0000000086600000| PB 0x0000000086600000| Untracked 
| 103|0x0000000086700000, 0x0000000086800000, 0x0000000086800000|100%| O|  |TAMS 0x0000000086700000| PB 0x0000000086700000| Untracked 
| 104|0x0000000086800000, 0x0000000086900000, 0x0000000086900000|100%| O|  |TAMS 0x0000000086800000| PB 0x0000000086800000| Untracked 
| 105|0x0000000086900000, 0x0000000086a00000, 0x0000000086a00000|100%| O|Cm|TAMS 0x0000000086900000| PB 0x0000000086900000| Complete 
| 106|0x0000000086a00000, 0x0000000086b00000, 0x0000000086b00000|100%| O|  |TAMS 0x0000000086a00000| PB 0x0000000086a00000| Untracked 
| 107|0x0000000086b00000, 0x0000000086c00000, 0x0000000086c00000|100%| O|  |TAMS 0x0000000086b00000| PB 0x0000000086b00000| Untracked 
| 108|0x0000000086c00000, 0x0000000086d00000, 0x0000000086d00000|100%| O|  |TAMS 0x0000000086c00000| PB 0x0000000086c00000| Untracked 
| 109|0x0000000086d00000, 0x0000000086e00000, 0x0000000086e00000|100%| O|  |TAMS 0x0000000086d00000| PB 0x0000000086d00000| Untracked 
| 110|0x0000000086e00000, 0x0000000086f00000, 0x0000000086f00000|100%| O|  |TAMS 0x0000000086e00000| PB 0x0000000086e00000| Untracked 
| 111|0x0000000086f00000, 0x0000000087000000, 0x0000000087000000|100%| O|Cm|TAMS 0x0000000086f00000| PB 0x0000000086f00000| Complete 
| 112|0x0000000087000000, 0x0000000087100000, 0x0000000087100000|100%| O|  |TAMS 0x0000000087000000| PB 0x0000000087000000| Untracked 
| 113|0x0000000087100000, 0x0000000087112cb8, 0x0000000087200000|  7%| O|  |TAMS 0x0000000087100000| PB 0x0000000087100000| Untracked 
| 114|0x0000000087200000, 0x0000000087300000, 0x0000000087300000|100%|HS|  |TAMS 0x0000000087200000| PB 0x0000000087200000| Complete 
| 115|0x0000000087300000, 0x0000000087400000, 0x0000000087400000|100%|HC|  |TAMS 0x0000000087300000| PB 0x0000000087300000| Complete 
| 116|0x0000000087400000, 0x0000000087500000, 0x0000000087500000|100%|HC|  |TAMS 0x0000000087400000| PB 0x0000000087400000| Complete 
| 117|0x0000000087500000, 0x0000000087600000, 0x0000000087600000|100%|HC|  |TAMS 0x0000000087500000| PB 0x0000000087500000| Complete 
| 118|0x0000000087600000, 0x0000000087700000, 0x0000000087700000|100%|HC|  |TAMS 0x0000000087600000| PB 0x0000000087600000| Complete 
| 119|0x0000000087700000, 0x0000000087800000, 0x0000000087800000|100%|HC|  |TAMS 0x0000000087700000| PB 0x0000000087700000| Complete 
| 120|0x0000000087800000, 0x0000000087800000, 0x0000000087900000|  0%| F|  |TAMS 0x0000000087800000| PB 0x0000000087800000| Untracked 
| 121|0x0000000087900000, 0x0000000087900000, 0x0000000087a00000|  0%| F|  |TAMS 0x0000000087900000| PB 0x0000000087900000| Untracked 
| 122|0x0000000087a00000, 0x0000000087a00000, 0x0000000087b00000|  0%| F|  |TAMS 0x0000000087a00000| PB 0x0000000087a00000| Untracked 
| 123|0x0000000087b00000, 0x0000000087b00000, 0x0000000087c00000|  0%| F|  |TAMS 0x0000000087b00000| PB 0x0000000087b00000| Untracked 
| 124|0x0000000087c00000, 0x0000000087c00000, 0x0000000087d00000|  0%| F|  |TAMS 0x0000000087c00000| PB 0x0000000087c00000| Untracked 
| 125|0x0000000087d00000, 0x0000000087d00000, 0x0000000087e00000|  0%| F|  |TAMS 0x0000000087d00000| PB 0x0000000087d00000| Untracked 
| 126|0x0000000087e00000, 0x0000000087e00000, 0x0000000087f00000|  0%| F|  |TAMS 0x0000000087e00000| PB 0x0000000087e00000| Untracked 
| 127|0x0000000087f00000, 0x0000000087f00000, 0x0000000088000000|  0%| F|  |TAMS 0x0000000087f00000| PB 0x0000000087f00000| Untracked 
| 128|0x0000000088000000, 0x0000000088000000, 0x0000000088100000|  0%| F|  |TAMS 0x0000000088000000| PB 0x0000000088000000| Untracked 
| 129|0x0000000088100000, 0x000000008812f9c0, 0x0000000088200000| 18%| S|CS|TAMS 0x0000000088100000| PB 0x0000000088100000| Complete 
| 130|0x0000000088200000, 0x0000000088300000, 0x0000000088300000|100%| S|CS|TAMS 0x0000000088200000| PB 0x0000000088200000| Complete 
| 131|0x0000000088300000, 0x0000000088400000, 0x0000000088400000|100%| S|CS|TAMS 0x0000000088300000| PB 0x0000000088300000| Complete 
| 132|0x0000000088400000, 0x0000000088500000, 0x0000000088500000|100%| S|CS|TAMS 0x0000000088400000| PB 0x0000000088400000| Complete 
| 133|0x0000000088500000, 0x0000000088600000, 0x0000000088600000|100%| S|CS|TAMS 0x0000000088500000| PB 0x0000000088500000| Complete 
| 134|0x0000000088600000, 0x0000000088700000, 0x0000000088700000|100%| S|CS|TAMS 0x0000000088600000| PB 0x0000000088600000| Complete 
| 135|0x0000000088700000, 0x0000000088800000, 0x0000000088800000|100%| S|CS|TAMS 0x0000000088700000| PB 0x0000000088700000| Complete 
| 136|0x0000000088800000, 0x0000000088800000, 0x0000000088900000|  0%| F|  |TAMS 0x0000000088800000| PB 0x0000000088800000| Untracked 
| 137|0x0000000088900000, 0x0000000088900000, 0x0000000088a00000|  0%| F|  |TAMS 0x0000000088900000| PB 0x0000000088900000| Untracked 
| 138|0x0000000088a00000, 0x0000000088a00000, 0x0000000088b00000|  0%| F|  |TAMS 0x0000000088a00000| PB 0x0000000088a00000| Untracked 
| 139|0x0000000088b00000, 0x0000000088b00000, 0x0000000088c00000|  0%| F|  |TAMS 0x0000000088b00000| PB 0x0000000088b00000| Untracked 
| 140|0x0000000088c00000, 0x0000000088c00000, 0x0000000088d00000|  0%| F|  |TAMS 0x0000000088c00000| PB 0x0000000088c00000| Untracked 
| 141|0x0000000088d00000, 0x0000000088d00000, 0x0000000088e00000|  0%| F|  |TAMS 0x0000000088d00000| PB 0x0000000088d00000| Untracked 
| 142|0x0000000088e00000, 0x0000000088e00000, 0x0000000088f00000|  0%| F|  |TAMS 0x0000000088e00000| PB 0x0000000088e00000| Untracked 
| 143|0x0000000088f00000, 0x0000000088f00000, 0x0000000089000000|  0%| F|  |TAMS 0x0000000088f00000| PB 0x0000000088f00000| Untracked 
| 144|0x0000000089000000, 0x0000000089000000, 0x0000000089100000|  0%| F|  |TAMS 0x0000000089000000| PB 0x0000000089000000| Untracked 
| 145|0x0000000089100000, 0x0000000089100000, 0x0000000089200000|  0%| F|  |TAMS 0x0000000089100000| PB 0x0000000089100000| Untracked 
| 146|0x0000000089200000, 0x0000000089200000, 0x0000000089300000|  0%| F|  |TAMS 0x0000000089200000| PB 0x0000000089200000| Untracked 
| 147|0x0000000089300000, 0x0000000089300000, 0x0000000089400000|  0%| F|  |TAMS 0x0000000089300000| PB 0x0000000089300000| Untracked 
| 148|0x0000000089400000, 0x0000000089400000, 0x0000000089500000|  0%| F|  |TAMS 0x0000000089400000| PB 0x0000000089400000| Untracked 
| 149|0x0000000089500000, 0x0000000089500000, 0x0000000089600000|  0%| F|  |TAMS 0x0000000089500000| PB 0x0000000089500000| Untracked 
| 150|0x0000000089600000, 0x0000000089600000, 0x0000000089700000|  0%| F|  |TAMS 0x0000000089600000| PB 0x0000000089600000| Untracked 
| 151|0x0000000089700000, 0x0000000089700000, 0x0000000089800000|  0%| F|  |TAMS 0x0000000089700000| PB 0x0000000089700000| Untracked 
| 152|0x0000000089800000, 0x0000000089800000, 0x0000000089900000|  0%| F|  |TAMS 0x0000000089800000| PB 0x0000000089800000| Untracked 
| 153|0x0000000089900000, 0x0000000089900000, 0x0000000089a00000|  0%| F|  |TAMS 0x0000000089900000| PB 0x0000000089900000| Untracked 
| 154|0x0000000089a00000, 0x0000000089a00000, 0x0000000089b00000|  0%| F|  |TAMS 0x0000000089a00000| PB 0x0000000089a00000| Untracked 
| 155|0x0000000089b00000, 0x0000000089b00000, 0x0000000089c00000|  0%| F|  |TAMS 0x0000000089b00000| PB 0x0000000089b00000| Untracked 
| 156|0x0000000089c00000, 0x0000000089c00000, 0x0000000089d00000|  0%| F|  |TAMS 0x0000000089c00000| PB 0x0000000089c00000| Untracked 
| 157|0x0000000089d00000, 0x0000000089d00000, 0x0000000089e00000|  0%| F|  |TAMS 0x0000000089d00000| PB 0x0000000089d00000| Untracked 
| 158|0x0000000089e00000, 0x0000000089e00000, 0x0000000089f00000|  0%| F|  |TAMS 0x0000000089e00000| PB 0x0000000089e00000| Untracked 
| 159|0x0000000089f00000, 0x0000000089f00000, 0x000000008a000000|  0%| F|  |TAMS 0x0000000089f00000| PB 0x0000000089f00000| Untracked 
| 160|0x000000008a000000, 0x000000008a000000, 0x000000008a100000|  0%| F|  |TAMS 0x000000008a000000| PB 0x000000008a000000| Untracked 
| 161|0x000000008a100000, 0x000000008a100000, 0x000000008a200000|  0%| F|  |TAMS 0x000000008a100000| PB 0x000000008a100000| Untracked 
| 162|0x000000008a200000, 0x000000008a200000, 0x000000008a300000|  0%| F|  |TAMS 0x000000008a200000| PB 0x000000008a200000| Untracked 
| 163|0x000000008a300000, 0x000000008a300000, 0x000000008a400000|  0%| F|  |TAMS 0x000000008a300000| PB 0x000000008a300000| Untracked 
| 164|0x000000008a400000, 0x000000008a400000, 0x000000008a500000|  0%| F|  |TAMS 0x000000008a400000| PB 0x000000008a400000| Untracked 
| 165|0x000000008a500000, 0x000000008a500000, 0x000000008a600000|  0%| F|  |TAMS 0x000000008a500000| PB 0x000000008a500000| Untracked 
| 166|0x000000008a600000, 0x000000008a600000, 0x000000008a700000|  0%| F|  |TAMS 0x000000008a600000| PB 0x000000008a600000| Untracked 
| 167|0x000000008a700000, 0x000000008a700000, 0x000000008a800000|  0%| F|  |TAMS 0x000000008a700000| PB 0x000000008a700000| Untracked 
| 168|0x000000008a800000, 0x000000008a800000, 0x000000008a900000|  0%| F|  |TAMS 0x000000008a800000| PB 0x000000008a800000| Untracked 
| 169|0x000000008a900000, 0x000000008a900000, 0x000000008aa00000|  0%| F|  |TAMS 0x000000008a900000| PB 0x000000008a900000| Untracked 
| 170|0x000000008aa00000, 0x000000008aa00000, 0x000000008ab00000|  0%| F|  |TAMS 0x000000008aa00000| PB 0x000000008aa00000| Untracked 
| 171|0x000000008ab00000, 0x000000008ab00000, 0x000000008ac00000|  0%| F|  |TAMS 0x000000008ab00000| PB 0x000000008ab00000| Untracked 
| 172|0x000000008ac00000, 0x000000008ac00000, 0x000000008ad00000|  0%| F|  |TAMS 0x000000008ac00000| PB 0x000000008ac00000| Untracked 
| 173|0x000000008ad00000, 0x000000008ad00000, 0x000000008ae00000|  0%| F|  |TAMS 0x000000008ad00000| PB 0x000000008ad00000| Untracked 
| 174|0x000000008ae00000, 0x000000008ae00000, 0x000000008af00000|  0%| F|  |TAMS 0x000000008ae00000| PB 0x000000008ae00000| Untracked 
| 175|0x000000008af00000, 0x000000008af00000, 0x000000008b000000|  0%| F|  |TAMS 0x000000008af00000| PB 0x000000008af00000| Untracked 
| 176|0x000000008b000000, 0x000000008b000000, 0x000000008b100000|  0%| F|  |TAMS 0x000000008b000000| PB 0x000000008b000000| Untracked 
| 177|0x000000008b100000, 0x000000008b100000, 0x000000008b200000|  0%| F|  |TAMS 0x000000008b100000| PB 0x000000008b100000| Untracked 
| 178|0x000000008b200000, 0x000000008b200000, 0x000000008b300000|  0%| F|  |TAMS 0x000000008b200000| PB 0x000000008b200000| Untracked 
| 179|0x000000008b300000, 0x000000008b300000, 0x000000008b400000|  0%| F|  |TAMS 0x000000008b300000| PB 0x000000008b300000| Untracked 
| 180|0x000000008b400000, 0x000000008b400000, 0x000000008b500000|  0%| F|  |TAMS 0x000000008b400000| PB 0x000000008b400000| Untracked 
| 181|0x000000008b500000, 0x000000008b500000, 0x000000008b600000|  0%| F|  |TAMS 0x000000008b500000| PB 0x000000008b500000| Untracked 
| 182|0x000000008b600000, 0x000000008b600000, 0x000000008b700000|  0%| F|  |TAMS 0x000000008b600000| PB 0x000000008b600000| Untracked 
| 183|0x000000008b700000, 0x000000008b700000, 0x000000008b800000|  0%| F|  |TAMS 0x000000008b700000| PB 0x000000008b700000| Untracked 
| 184|0x000000008b800000, 0x000000008b800000, 0x000000008b900000|  0%| F|  |TAMS 0x000000008b800000| PB 0x000000008b800000| Untracked 
| 185|0x000000008b900000, 0x000000008b900000, 0x000000008ba00000|  0%| F|  |TAMS 0x000000008b900000| PB 0x000000008b900000| Untracked 
| 186|0x000000008ba00000, 0x000000008ba00000, 0x000000008bb00000|  0%| F|  |TAMS 0x000000008ba00000| PB 0x000000008ba00000| Untracked 
| 187|0x000000008bb00000, 0x000000008bb00000, 0x000000008bc00000|  0%| F|  |TAMS 0x000000008bb00000| PB 0x000000008bb00000| Untracked 
| 188|0x000000008bc00000, 0x000000008bc00000, 0x000000008bd00000|  0%| F|  |TAMS 0x000000008bc00000| PB 0x000000008bc00000| Untracked 
| 189|0x000000008bd00000, 0x000000008bd00000, 0x000000008be00000|  0%| F|  |TAMS 0x000000008bd00000| PB 0x000000008bd00000| Untracked 
| 190|0x000000008be00000, 0x000000008be00000, 0x000000008bf00000|  0%| F|  |TAMS 0x000000008be00000| PB 0x000000008be00000| Untracked 
| 191|0x000000008bf00000, 0x000000008bf00000, 0x000000008c000000|  0%| F|  |TAMS 0x000000008bf00000| PB 0x000000008bf00000| Untracked 
| 192|0x000000008c000000, 0x000000008c000000, 0x000000008c100000|  0%| F|  |TAMS 0x000000008c000000| PB 0x000000008c000000| Untracked 
| 193|0x000000008c100000, 0x000000008c200000, 0x000000008c200000|100%| E|  |TAMS 0x000000008c100000| PB 0x000000008c100000| Complete 
| 194|0x000000008c200000, 0x000000008c300000, 0x000000008c300000|100%| E|CS|TAMS 0x000000008c200000| PB 0x000000008c200000| Complete 
| 195|0x000000008c300000, 0x000000008c400000, 0x000000008c400000|100%| E|CS|TAMS 0x000000008c300000| PB 0x000000008c300000| Complete 
| 196|0x000000008c400000, 0x000000008c500000, 0x000000008c500000|100%| E|CS|TAMS 0x000000008c400000| PB 0x000000008c400000| Complete 
| 197|0x000000008c500000, 0x000000008c600000, 0x000000008c600000|100%| E|CS|TAMS 0x000000008c500000| PB 0x000000008c500000| Complete 
| 198|0x000000008c600000, 0x000000008c700000, 0x000000008c700000|100%| E|CS|TAMS 0x000000008c600000| PB 0x000000008c600000| Complete 
| 199|0x000000008c700000, 0x000000008c800000, 0x000000008c800000|100%| E|CS|TAMS 0x000000008c700000| PB 0x000000008c700000| Complete 
| 200|0x000000008c800000, 0x000000008c900000, 0x000000008c900000|100%| E|CS|TAMS 0x000000008c800000| PB 0x000000008c800000| Complete 
| 201|0x000000008c900000, 0x000000008ca00000, 0x000000008ca00000|100%| E|CS|TAMS 0x000000008c900000| PB 0x000000008c900000| Complete 
| 202|0x000000008ca00000, 0x000000008cb00000, 0x000000008cb00000|100%| E|CS|TAMS 0x000000008ca00000| PB 0x000000008ca00000| Complete 
| 203|0x000000008cb00000, 0x000000008cc00000, 0x000000008cc00000|100%| E|CS|TAMS 0x000000008cb00000| PB 0x000000008cb00000| Complete 
| 204|0x000000008cc00000, 0x000000008cd00000, 0x000000008cd00000|100%| E|CS|TAMS 0x000000008cc00000| PB 0x000000008cc00000| Complete 
| 205|0x000000008cd00000, 0x000000008ce00000, 0x000000008ce00000|100%| E|CS|TAMS 0x000000008cd00000| PB 0x000000008cd00000| Complete 
| 206|0x000000008ce00000, 0x000000008cf00000, 0x000000008cf00000|100%| E|CS|TAMS 0x000000008ce00000| PB 0x000000008ce00000| Complete 
| 207|0x000000008cf00000, 0x000000008d000000, 0x000000008d000000|100%| E|CS|TAMS 0x000000008cf00000| PB 0x000000008cf00000| Complete 
| 208|0x000000008d000000, 0x000000008d100000, 0x000000008d100000|100%| E|CS|TAMS 0x000000008d000000| PB 0x000000008d000000| Complete 
| 209|0x000000008d100000, 0x000000008d200000, 0x000000008d200000|100%| E|CS|TAMS 0x000000008d100000| PB 0x000000008d100000| Complete 
| 210|0x000000008d200000, 0x000000008d300000, 0x000000008d300000|100%| E|CS|TAMS 0x000000008d200000| PB 0x000000008d200000| Complete 
| 211|0x000000008d300000, 0x000000008d400000, 0x000000008d400000|100%| E|CS|TAMS 0x000000008d300000| PB 0x000000008d300000| Complete 
| 212|0x000000008d400000, 0x000000008d500000, 0x000000008d500000|100%| E|CS|TAMS 0x000000008d400000| PB 0x000000008d400000| Complete 
| 213|0x000000008d500000, 0x000000008d600000, 0x000000008d600000|100%| E|CS|TAMS 0x000000008d500000| PB 0x000000008d500000| Complete 
| 251|0x000000008fb00000, 0x000000008fc00000, 0x000000008fc00000|100%| E|CS|TAMS 0x000000008fb00000| PB 0x000000008fb00000| Complete 
|2034|0x00000000ff200000, 0x00000000ff300000, 0x00000000ff300000|100%| E|CS|TAMS 0x00000000ff200000| PB 0x00000000ff200000| Complete 
|2035|0x00000000ff300000, 0x00000000ff400000, 0x00000000ff400000|100%| O|  |TAMS 0x00000000ff300000| PB 0x00000000ff300000| Untracked 
|2036|0x00000000ff400000, 0x00000000ff500000, 0x00000000ff500000|100%| O|  |TAMS 0x00000000ff400000| PB 0x00000000ff400000| Untracked 
|2037|0x00000000ff500000, 0x00000000ff600000, 0x00000000ff600000|100%| O|  |TAMS 0x00000000ff500000| PB 0x00000000ff500000| Untracked 
|2038|0x00000000ff600000, 0x00000000ff700000, 0x00000000ff700000|100%| O|  |TAMS 0x00000000ff600000| PB 0x00000000ff600000| Untracked 
|2039|0x00000000ff700000, 0x00000000ff800000, 0x00000000ff800000|100%| O|  |TAMS 0x00000000ff700000| PB 0x00000000ff700000| Untracked 
|2040|0x00000000ff800000, 0x00000000ff900000, 0x00000000ff900000|100%| O|  |TAMS 0x00000000ff800000| PB 0x00000000ff800000| Untracked 
|2041|0x00000000ff900000, 0x00000000ffa00000, 0x00000000ffa00000|100%| O|  |TAMS 0x00000000ff900000| PB 0x00000000ff900000| Untracked 
|2042|0x00000000ffa00000, 0x00000000ffb00000, 0x00000000ffb00000|100%| O|  |TAMS 0x00000000ffa00000| PB 0x00000000ffa00000| Untracked 
|2043|0x00000000ffb00000, 0x00000000ffc00000, 0x00000000ffc00000|100%| O|  |TAMS 0x00000000ffb00000| PB 0x00000000ffb00000| Untracked 
|2044|0x00000000ffc00000, 0x00000000ffd00000, 0x00000000ffd00000|100%| O|  |TAMS 0x00000000ffc00000| PB 0x00000000ffc00000| Untracked 
|2045|0x00000000ffd00000, 0x00000000ffe00000, 0x00000000ffe00000|100%| E|CS|TAMS 0x00000000ffd00000| PB 0x00000000ffd00000| Complete 
|2046|0x00000000ffe00000, 0x00000000fff00000, 0x00000000fff00000|100%| O|  |TAMS 0x00000000ffe00000| PB 0x00000000ffe00000| Untracked 
|2047|0x00000000fff00000, 0x0000000100000000, 0x0000000100000000|100%| O|  |TAMS 0x00000000fff00000| PB 0x00000000fff00000| Untracked 

Card table byte_map: [0x00000249b5210000,0x00000249b5610000] _byte_map_base: 0x00000249b4e10000

Marking Bits: (CMBitMap*) 0x00000249a049a0f0
 Bits: [0x00000249b5610000, 0x00000249b7610000)

Polling page: 0x00000249a0500000

Metaspace:

Usage:
  Non-class:    108.58 MB used.
      Class:     18.05 MB used.
       Both:    126.63 MB used.

Virtual space:
  Non-class space:      128.00 MB reserved,     109.81 MB ( 86%) committed,  2 nodes.
      Class space:        1.00 GB reserved,      19.25 MB (  2%) committed,  1 nodes.
             Both:        1.12 GB reserved,     129.06 MB ( 11%) committed. 

Chunk freelists:
   Non-Class:  2.03 MB
       Class:  12.78 MB
        Both:  14.81 MB

MaxMetaspaceSize: unlimited
CompressedClassSpaceSize: 1.00 GB
Initial GC threshold: 21.00 MB
Current GC threshold: 215.12 MB
CDS: on
 - commit_granule_bytes: 65536.
 - commit_granule_words: 8192.
 - virtual_space_node_default_size: 8388608.
 - enlarge_chunks_in_place: 1.
 - use_allocation_guard: 0.


Internal statistics:

num_allocs_failed_limit: 9.
num_arena_births: 4480.
num_arena_deaths: 2.
num_vsnodes_births: 3.
num_vsnodes_deaths: 0.
num_space_committed: 2064.
num_space_uncommitted: 0.
num_chunks_returned_to_freelist: 18.
num_chunks_taken_from_freelist: 10201.
num_chunk_merges: 10.
num_chunk_splits: 6811.
num_chunks_enlarged: 4428.
num_inconsistent_stats: 0.

CodeHeap 'non-profiled nmethods': size=119168Kb used=7964Kb max_used=8981Kb free=111204Kb
 bounds [0x00000249ac7d0000, 0x00000249ad0a0000, 0x00000249b3c30000]
CodeHeap 'profiled nmethods': size=119104Kb used=24105Kb max_used=27225Kb free=94998Kb
 bounds [0x00000249a4c30000, 0x00000249a66d0000, 0x00000249ac080000]
CodeHeap 'non-nmethods': size=7488Kb used=4558Kb max_used=4589Kb free=2929Kb
 bounds [0x00000249ac080000, 0x00000249ac510000, 0x00000249ac7d0000]
CodeCache: size=245760Kb, used=36627Kb, max_used=40795Kb, free=209131Kb
 total_blobs=13810, nmethods=12698, adapters=1012, full_count=0
Compilation: enabled, stopped_count=0, restarted_count=0

Compilation events (20 events):
Event: 561.501 Thread 0x00000249863061c0 nmethod 16877 0x00000249ac9df190 code [0x00000249ac9df3a0, 0x00000249ac9dfa98]
Event: 561.501 Thread 0x00000249863061c0 16884       4       org.jetbrains.kotlin.com.intellij.util.text.CharArrayUtil::regionMatches (83 bytes)
Event: 561.503 Thread 0x0000024986304d50 nmethod 16880 0x00000249ac9cab90 code [0x00000249ac9cad40, 0x00000249ac9cb070]
Event: 561.503 Thread 0x0000024986304d50 16887       4       java.util.zip.ZipFile::getZipEntry (322 bytes)
Event: 561.504 Thread 0x0000024986306890 16888       4       org.jetbrains.kotlin.com.intellij.openapi.vfs.impl.ZipEntryMap::put (80 bytes)
Event: 561.505 Thread 0x00000249863061c0 nmethod 16884 0x00000249ac847510 code [0x00000249ac8476e0, 0x00000249ac847a70]
Event: 561.505 Thread 0x00000249863061c0 16879       4       org.jetbrains.kotlin.com.intellij.openapi.vfs.impl.ZipEntryMap::get (6 bytes)
Event: 561.505 Thread 0x00000249863038e0 16876       4       java.lang.System::checkKey (34 bytes)
Event: 561.512 Thread 0x00000249863038e0 nmethod 16876 0x00000249ac7d1590 code [0x00000249ac7d1720, 0x00000249ac7d17d0]
Event: 561.514 Thread 0x00000249863038e0 16898       4       org.jetbrains.kotlin.com.intellij.openapi.util.text.StringUtil::trimTrailing (54 bytes)
Event: 561.514 Thread 0x00000249ba9d9cf0 nmethod 16878 0x00000249aca2c890 code [0x00000249aca2cae0, 0x00000249aca2d508]
Event: 561.514 Thread 0x0000024986306f60 16882       4       java.lang.String::newStringUTF8NoRepl (322 bytes)
Event: 561.514 Thread 0x0000024986307630 16883       4       java.util.zip.ZipCoder$UTF8ZipCoder::toString (12 bytes)
Event: 561.518 Thread 0x00000249ba9d9cf0 16886       4       org.jetbrains.kotlin.com.intellij.openapi.vfs.impl.ArchiveHandler::directoryEntry (144 bytes)
Event: 561.519 Thread 0x0000024986306890 nmethod 16888 0x00000249ac8c7010 code [0x00000249ac8c71e0, 0x00000249ac8c75d0]
Event: 561.521 Thread 0x0000024986306890 16874       4       java.util.zip.ZipFile$Source::getEntryPos (9 bytes)
Event: 561.525 Thread 0x0000024986306890 nmethod 16874 0x00000249ac7d5c90 code [0x00000249ac7d5e20, 0x00000249ac7d5ef0]
Event: 561.526 Thread 0x0000024986306890 16885       4       java.util.zip.ZipEntry::isDirectory (10 bytes)
Event: 561.533 Thread 0x0000024986306890 nmethod 16885 0x00000249ac7de290 code [0x00000249ac7de420, 0x00000249ac7de538]
Event: 561.535 Thread 0x0000024986306890 16890       4       org.jetbrains.kotlin.com.intellij.openapi.vfs.impl.ArchiveHandler$EntryInfo::<init> (40 bytes)

GC Heap History (20 events):
Event: 71.795 GC heap before
{Heap before GC invocations=27 (full 0):
 garbage-first heap   total 168960K, used 145834K [0x0000000080000000, 0x0000000100000000)
  region size 1024K, 49 young (50176K), 6 survivors (6144K)
 Metaspace       used 94116K, committed 96256K, reserved 1179648K
  class space    used 13144K, committed 14208K, reserved 1048576K
}
Event: 71.800 GC heap after
{Heap after GC invocations=28 (full 0):
 garbage-first heap   total 168960K, used 104716K [0x0000000080000000, 0x0000000100000000)
  region size 1024K, 5 young (5120K), 5 survivors (5120K)
 Metaspace       used 94116K, committed 96256K, reserved 1179648K
  class space    used 13144K, committed 14208K, reserved 1048576K
}
Event: 72.293 GC heap before
{Heap before GC invocations=29 (full 0):
 garbage-first heap   total 178176K, used 157964K [0x0000000080000000, 0x0000000100000000)
  region size 1024K, 56 young (57344K), 5 survivors (5120K)
 Metaspace       used 98183K, committed 100352K, reserved 1179648K
  class space    used 13855K, committed 14912K, reserved 1048576K
}
Event: 72.296 GC heap after
{Heap after GC invocations=30 (full 0):
 garbage-first heap   total 178176K, used 106135K [0x0000000080000000, 0x0000000100000000)
  region size 1024K, 4 young (4096K), 4 survivors (4096K)
 Metaspace       used 98183K, committed 100352K, reserved 1179648K
  class space    used 13855K, committed 14912K, reserved 1048576K
}
Event: 72.937 GC heap before
{Heap before GC invocations=30 (full 0):
 garbage-first heap   total 178176K, used 165527K [0x0000000080000000, 0x0000000100000000)
  region size 1024K, 62 young (63488K), 4 survivors (4096K)
 Metaspace       used 102625K, committed 104896K, reserved 1179648K
  class space    used 14503K, committed 15616K, reserved 1048576K
}
Event: 72.941 GC heap after
{Heap after GC invocations=31 (full 0):
 garbage-first heap   total 178176K, used 108799K [0x0000000080000000, 0x0000000100000000)
  region size 1024K, 7 young (7168K), 7 survivors (7168K)
 Metaspace       used 102625K, committed 104896K, reserved 1179648K
  class space    used 14503K, committed 15616K, reserved 1048576K
}
Event: 73.699 GC heap before
{Heap before GC invocations=31 (full 0):
 garbage-first heap   total 178176K, used 165119K [0x0000000080000000, 0x0000000100000000)
  region size 1024K, 63 young (64512K), 7 survivors (7168K)
 Metaspace       used 104546K, committed 106816K, reserved 1179648K
  class space    used 14854K, committed 16000K, reserved 1048576K
}
Event: 73.702 GC heap after
{Heap after GC invocations=32 (full 0):
 garbage-first heap   total 178176K, used 111629K [0x0000000080000000, 0x0000000100000000)
  region size 1024K, 6 young (6144K), 6 survivors (6144K)
 Metaspace       used 104546K, committed 106816K, reserved 1179648K
  class space    used 14854K, committed 16000K, reserved 1048576K
}
Event: 74.370 GC heap before
{Heap before GC invocations=33 (full 0):
 garbage-first heap   total 188416K, used 166925K [0x0000000080000000, 0x0000000100000000)
  region size 1024K, 60 young (61440K), 6 survivors (6144K)
 Metaspace       used 105343K, committed 107648K, reserved 1179648K
  class space    used 14920K, committed 16064K, reserved 1048576K
}
Event: 74.384 GC heap after
{Heap after GC invocations=34 (full 0):
 garbage-first heap   total 188416K, used 119442K [0x0000000080000000, 0x0000000100000000)
  region size 1024K, 8 young (8192K), 8 survivors (8192K)
 Metaspace       used 105343K, committed 107648K, reserved 1179648K
  class space    used 14920K, committed 16064K, reserved 1048576K
}
Event: 75.053 GC heap before
{Heap before GC invocations=34 (full 0):
 garbage-first heap   total 188416K, used 174738K [0x0000000080000000, 0x0000000100000000)
  region size 1024K, 62 young (63488K), 8 survivors (8192K)
 Metaspace       used 108290K, committed 110656K, reserved 1179648K
  class space    used 15335K, committed 16512K, reserved 1048576K
}
Event: 75.059 GC heap after
{Heap after GC invocations=35 (full 0):
 garbage-first heap   total 189440K, used 123177K [0x0000000080000000, 0x0000000100000000)
  region size 1024K, 4 young (4096K), 4 survivors (4096K)
 Metaspace       used 108290K, committed 110656K, reserved 1179648K
  class space    used 15335K, committed 16512K, reserved 1048576K
}
Event: 75.898 GC heap before
{Heap before GC invocations=35 (full 0):
 garbage-first heap   total 189440K, used 176425K [0x0000000080000000, 0x0000000100000000)
  region size 1024K, 56 young (57344K), 4 survivors (4096K)
 Metaspace       used 110875K, committed 113152K, reserved 1179648K
  class space    used 15715K, committed 16832K, reserved 1048576K
}
Event: 75.901 GC heap after
{Heap after GC invocations=36 (full 0):
 garbage-first heap   total 189440K, used 127187K [0x0000000080000000, 0x0000000100000000)
  region size 1024K, 7 young (7168K), 7 survivors (7168K)
 Metaspace       used 110875K, committed 113152K, reserved 1179648K
  class space    used 15715K, committed 16832K, reserved 1048576K
}
Event: 76.552 GC heap before
{Heap before GC invocations=37 (full 0):
 garbage-first heap   total 214016K, used 177363K [0x0000000080000000, 0x0000000100000000)
  region size 1024K, 56 young (57344K), 7 survivors (7168K)
 Metaspace       used 114502K, committed 116800K, reserved 1179648K
  class space    used 16194K, committed 17344K, reserved 1048576K
}
Event: 76.557 GC heap after
{Heap after GC invocations=38 (full 0):
 garbage-first heap   total 214016K, used 130218K [0x0000000080000000, 0x0000000100000000)
  region size 1024K, 3 young (3072K), 3 survivors (3072K)
 Metaspace       used 114502K, committed 116800K, reserved 1179648K
  class space    used 16194K, committed 17344K, reserved 1048576K
}
Event: 560.775 GC heap before
{Heap before GC invocations=38 (full 0):
 garbage-first heap   total 214016K, used 197802K [0x0000000080000000, 0x0000000100000000)
  region size 1024K, 70 young (71680K), 3 survivors (3072K)
 Metaspace       used 120577K, committed 122944K, reserved 1179648K
  class space    used 17386K, committed 18560K, reserved 1048576K
}
Event: 560.779 GC heap after
{Heap after GC invocations=39 (full 0):
 garbage-first heap   total 214016K, used 129569K [0x0000000080000000, 0x0000000100000000)
  region size 1024K, 5 young (5120K), 5 survivors (5120K)
 Metaspace       used 120577K, committed 122944K, reserved 1179648K
  class space    used 17386K, committed 18560K, reserved 1048576K
}
Event: 561.424 GC heap before
{Heap before GC invocations=39 (full 0):
 garbage-first heap   total 214016K, used 191009K [0x0000000080000000, 0x0000000100000000)
  region size 1024K, 66 young (67584K), 5 survivors (5120K)
 Metaspace       used 129368K, committed 131840K, reserved 1179648K
  class space    used 18475K, committed 19712K, reserved 1048576K
}
Event: 561.430 GC heap after
{Heap after GC invocations=40 (full 0):
 garbage-first heap   total 214016K, used 131337K [0x0000000080000000, 0x0000000100000000)
  region size 1024K, 7 young (7168K), 7 survivors (7168K)
 Metaspace       used 129368K, committed 131840K, reserved 1179648K
  class space    used 18475K, committed 19712K, reserved 1048576K
}

Dll operation events (14 events):
Event: 0.012 Loaded shared library C:\Users\User\.vscode\extensions\redhat.java-1.54.0-win32-x64\jre\21.0.10-win32-x86_64\bin\java.dll
Event: 0.034 Loaded shared library C:\Users\User\.vscode\extensions\redhat.java-1.54.0-win32-x64\jre\21.0.10-win32-x86_64\bin\zip.dll
Event: 0.073 Loaded shared library C:\Users\User\.vscode\extensions\redhat.java-1.54.0-win32-x64\jre\21.0.10-win32-x86_64\bin\instrument.dll
Event: 0.077 Loaded shared library C:\Users\User\.vscode\extensions\redhat.java-1.54.0-win32-x64\jre\21.0.10-win32-x86_64\bin\net.dll
Event: 0.079 Loaded shared library C:\Users\User\.vscode\extensions\redhat.java-1.54.0-win32-x64\jre\21.0.10-win32-x86_64\bin\nio.dll
Event: 0.080 Loaded shared library C:\Users\User\.vscode\extensions\redhat.java-1.54.0-win32-x64\jre\21.0.10-win32-x86_64\bin\zip.dll
Event: 0.236 Loaded shared library C:\Users\User\.vscode\extensions\redhat.java-1.54.0-win32-x64\jre\21.0.10-win32-x86_64\bin\jimage.dll
Event: 0.347 Loaded shared library C:\Users\User\.vscode\extensions\redhat.java-1.54.0-win32-x64\jre\21.0.10-win32-x86_64\bin\verify.dll
Event: 0.484 Loaded shared library C:\Users\User\.gradle\native\1def1411415f61bf3af743bc5b6707747c0891f09f0c88961ee8f79bc544acac\windows-amd64\native-platform.dll
Event: 0.551 Loaded shared library C:\Users\User\.gradle\native\0.2.7\x86_64-windows-gnu\gradle-fileevents.dll
Event: 1.345 Loaded shared library C:\Users\User\.vscode\extensions\redhat.java-1.54.0-win32-x64\jre\21.0.10-win32-x86_64\bin\management.dll
Event: 1.346 Loaded shared library C:\Users\User\.vscode\extensions\redhat.java-1.54.0-win32-x64\jre\21.0.10-win32-x86_64\bin\management_ext.dll
Event: 1.503 Loaded shared library C:\Users\User\.vscode\extensions\redhat.java-1.54.0-win32-x64\jre\21.0.10-win32-x86_64\bin\extnet.dll
Event: 1.725 Loaded shared library C:\Users\User\.vscode\extensions\redhat.java-1.54.0-win32-x64\jre\21.0.10-win32-x86_64\bin\sunmscapi.dll

Deoptimization events (20 events):
Event: 561.499 Thread 0x0000024982cb32a0 DEOPT PACKING pc=0x00000249a66bc17f sp=0x0000005bbcdf6360
Event: 561.499 Thread 0x0000024982cb32a0 DEOPT UNPACKING pc=0x00000249ac0d4bc2 sp=0x0000005bbcdf5850 mode 0
Event: 561.500 Thread 0x0000024982cb32a0 DEOPT PACKING pc=0x00000249a66bc17f sp=0x0000005bbcdf6360
Event: 561.500 Thread 0x0000024982cb32a0 DEOPT UNPACKING pc=0x00000249ac0d4bc2 sp=0x0000005bbcdf5850 mode 0
Event: 561.500 Thread 0x0000024982cb32a0 DEOPT PACKING pc=0x00000249a66bc17f sp=0x0000005bbcdf6360
Event: 561.500 Thread 0x0000024982cb32a0 DEOPT UNPACKING pc=0x00000249ac0d4bc2 sp=0x0000005bbcdf5850 mode 0
Event: 561.500 Thread 0x0000024982cb32a0 DEOPT PACKING pc=0x00000249a66bc17f sp=0x0000005bbcdf6360
Event: 561.500 Thread 0x0000024982cb32a0 DEOPT UNPACKING pc=0x00000249ac0d4bc2 sp=0x0000005bbcdf5850 mode 0
Event: 561.501 Thread 0x0000024982cb32a0 DEOPT PACKING pc=0x00000249a66bc17f sp=0x0000005bbcdf6360
Event: 561.501 Thread 0x0000024982cb32a0 DEOPT UNPACKING pc=0x00000249ac0d4bc2 sp=0x0000005bbcdf5850 mode 0
Event: 561.501 Thread 0x0000024982cb32a0 DEOPT PACKING pc=0x00000249a66bc17f sp=0x0000005bbcdf6360
Event: 561.501 Thread 0x0000024982cb32a0 DEOPT UNPACKING pc=0x00000249ac0d4bc2 sp=0x0000005bbcdf5850 mode 0
Event: 561.502 Thread 0x0000024982cb32a0 DEOPT PACKING pc=0x00000249a66bc17f sp=0x0000005bbcdf6360
Event: 561.502 Thread 0x0000024982cb32a0 DEOPT UNPACKING pc=0x00000249ac0d4bc2 sp=0x0000005bbcdf5850 mode 0
Event: 561.502 Thread 0x0000024982cb32a0 DEOPT PACKING pc=0x00000249a66bc17f sp=0x0000005bbcdf6360
Event: 561.502 Thread 0x0000024982cb32a0 DEOPT UNPACKING pc=0x00000249ac0d4bc2 sp=0x0000005bbcdf5850 mode 0
Event: 561.503 Thread 0x0000024982cb32a0 DEOPT PACKING pc=0x00000249a66bc17f sp=0x0000005bbcdf6360
Event: 561.503 Thread 0x0000024982cb32a0 DEOPT UNPACKING pc=0x00000249ac0d4bc2 sp=0x0000005bbcdf5850 mode 0
Event: 561.503 Thread 0x0000024982cb32a0 DEOPT PACKING pc=0x00000249a66bc17f sp=0x0000005bbcdf6360
Event: 561.503 Thread 0x0000024982cb32a0 DEOPT UNPACKING pc=0x00000249ac0d4bc2 sp=0x0000005bbcdf5850 mode 0

Classes loaded (20 events):
Event: 561.140 Loading class sun/nio/ch/Util$4
Event: 561.140 Loading class sun/nio/ch/Util$4 done
Event: 561.142 Loading class java/io/UTFDataFormatException
Event: 561.142 Loading class java/io/UTFDataFormatException done
Event: 561.161 Loading class java/nio/channels/NonWritableChannelException
Event: 561.161 Loading class java/nio/channels/NonWritableChannelException done
Event: 561.276 Loading class java/nio/charset/IllegalCharsetNameException
Event: 561.276 Loading class java/nio/charset/IllegalCharsetNameException done
Event: 561.276 Loading class sun/nio/cs/UTF_32BE
Event: 561.276 Loading class sun/nio/cs/UTF_32BE done
Event: 561.276 Loading class sun/nio/cs/UTF_32LE
Event: 561.276 Loading class sun/nio/cs/UTF_32LE done
Event: 561.400 Loading class java/beans/PropertyChangeSupport
Event: 561.400 Loading class java/beans/PropertyChangeSupport done
Event: 561.400 Loading class java/beans/PropertyChangeSupport$PropertyChangeListenerMap
Event: 561.400 Loading class java/beans/ChangeListenerMap
Event: 561.400 Loading class java/beans/ChangeListenerMap done
Event: 561.400 Loading class java/beans/PropertyChangeSupport$PropertyChangeListenerMap done
Event: 561.444 Loading class java/util/zip/ZipFile$ZipEntryIterator
Event: 561.444 Loading class java/util/zip/ZipFile$ZipEntryIterator done

Classes unloaded (15 events):
Event: 22.078 Thread 0x00000249ba7fe100 Unloading class 0x00000249bc591b90 '_BuildScript_$_run_closure1$_closure2$_closure3$_closure4$_closure10$_closure14'
Event: 22.078 Thread 0x00000249ba7fe100 Unloading class 0x00000249bc5917a0 '_BuildScript_$_run_closure1$_closure2$_closure3$_closure4$_closure10$_closure13'
Event: 22.078 Thread 0x00000249ba7fe100 Unloading class 0x00000249bc5913b0 '_BuildScript_$_run_closure1$_closure2$_closure3$_closure4$_closure10'
Event: 22.078 Thread 0x00000249ba7fe100 Unloading class 0x00000249bc590fc0 '_BuildScript_$_run_closure1$_closure2$_closure3$_closure4$_closure9$_closure12'
Event: 22.078 Thread 0x00000249ba7fe100 Unloading class 0x00000249bc590bd0 '_BuildScript_$_run_closure1$_closure2$_closure3$_closure4$_closure9'
Event: 22.078 Thread 0x00000249ba7fe100 Unloading class 0x00000249bc5907e0 '_BuildScript_$_run_closure1$_closure2$_closure3$_closure4$_closure8'
Event: 22.078 Thread 0x00000249ba7fe100 Unloading class 0x00000249bc5903f0 '_BuildScript_$_run_closure1$_closure2$_closure3$_closure4$_closure7'
Event: 22.078 Thread 0x00000249ba7fe100 Unloading class 0x00000249bc590000 '_BuildScript_$_run_closure1$_closure2$_closure3$_closure4$_closure6$_closure11'
Event: 22.078 Thread 0x00000249ba7fe100 Unloading class 0x00000249bc589bd0 '_BuildScript_$_run_closure1$_closure2$_closure3$_closure4$_closure6'
Event: 22.078 Thread 0x00000249ba7fe100 Unloading class 0x00000249bc5897e0 '_BuildScript_$_run_closure1$_closure2$_closure3$_closure4$_closure5'
Event: 22.078 Thread 0x00000249ba7fe100 Unloading class 0x00000249bc5893f0 '_BuildScript_$_run_closure1$_closure2$_closure3$_closure4'
Event: 22.078 Thread 0x00000249ba7fe100 Unloading class 0x00000249bc589000 '_BuildScript_$_run_closure1$_closure2$_closure3'
Event: 22.078 Thread 0x00000249ba7fe100 Unloading class 0x00000249bc588928 '_BuildScript_$_run_closure1$_closure2'
Event: 22.078 Thread 0x00000249ba7fe100 Unloading class 0x00000249bc588538 '_BuildScript_$_run_closure1'
Event: 22.078 Thread 0x00000249ba7fe100 Unloading class 0x00000249bc588000 '_BuildScript_'

Classes redefined (0 events):
No events

Internal exceptions (20 events):
Event: 560.675 Thread 0x0000024982cb32a0 Exception <a 'sun/nio/fs/WindowsException'{0x00000000889fa000}> (0x00000000889fa000) 
thrown [s\src\hotspot\share\prims\jni.cpp, line 520]
Event: 560.675 Thread 0x0000024982cb32a0 Exception <a 'sun/nio/fs/WindowsException'{0x00000000889fbc48}> (0x00000000889fbc48) 
thrown [s\src\hotspot\share\prims\jni.cpp, line 520]
Event: 560.731 Thread 0x0000024982cb32a0 Exception <a 'sun/nio/fs/WindowsException'{0x00000000883eaaf0}> (0x00000000883eaaf0) 
thrown [s\src\hotspot\share\prims\jni.cpp, line 520]
Event: 560.763 Thread 0x0000024982cb32a0 Exception <a 'java/lang/NoSuchMethodError'{0x0000000087fb73a0}: 'long java.lang.invoke.DirectMethodHandle$Holder.invokeStatic(java.lang.Object)'> (0x0000000087fb73a0) 
thrown [s\src\hotspot\share\interpreter\linkResolver.cpp, line 773]
Event: 560.763 Thread 0x0000024982cb32a0 Exception <a 'java/lang/NoSuchMethodError'{0x0000000087fbbc80}: 'long java.lang.invoke.DirectMethodHandle$Holder.invokeStaticInit(java.lang.Object)'> (0x0000000087fbbc80) 
thrown [s\src\hotspot\share\interpreter\linkResolver.cpp, line 773]
Event: 560.806 Thread 0x0000024982cb32a0 Exception <a 'java/lang/NoSuchMethodError'{0x000000008fbc20c8}: 'void java.lang.invoke.DirectMethodHandle$Holder.invokeStaticInit(java.lang.Object)'> (0x000000008fbc20c8) 
thrown [s\src\hotspot\share\interpreter\linkResolver.cpp, line 773]
Event: 560.811 Thread 0x0000024982cb32a0 Exception <a 'java/lang/NoSuchMethodError'{0x000000008c145b20}: 'void java.lang.invoke.DelegatingMethodHandle$Holder.reinvoke_L(java.lang.Object, java.lang.Object, java.lang.Object, long, java.lang.Object)'> (0x000000008c145b20) 
thrown [s\src\hotspot\share\interpreter\linkResolver.cpp, line 773]
Event: 560.811 Thread 0x0000024982cb32a0 Exception <a 'java/lang/NoSuchMethodError'{0x000000008c14dce0}: 'java.lang.Object java.lang.invoke.DirectMethodHandle$Holder.invokeSpecial(java.lang.Object, java.lang.Object, java.lang.Object, java.lang.Object, long)'> (0x000000008c14dce0) 
thrown [s\src\hotspot\share\interpreter\linkResolver.cpp, line 773]
Event: 560.811 Thread 0x0000024982cb32a0 Exception <a 'java/lang/NoSuchMethodError'{0x000000008c15d900}: 'int java.lang.invoke.DelegatingMethodHandle$Holder.reinvoke_L(java.lang.Object, java.lang.Object, java.lang.Object, long, java.lang.Object, java.lang.Object)'> (0x000000008c15d900) 
thrown [s\src\hotspot\share\interpreter\linkResolver.cpp, line 773]
Event: 560.812 Thread 0x0000024982cb32a0 Exception <a 'java/lang/NoSuchMethodError'{0x000000008c16ce30}: 'int java.lang.invoke.DelegatingMethodHandle$Holder.reinvoke_L(java.lang.Object, java.lang.Object, java.lang.Object, long, int, int)'> (0x000000008c16ce30) 
thrown [s\src\hotspot\share\interpreter\linkResolver.cpp, line 773]
Event: 560.812 Thread 0x0000024982cb32a0 Exception <a 'java/lang/NoSuchMethodError'{0x000000008c17c110}: 'int java.lang.invoke.DelegatingMethodHandle$Holder.reinvoke_L(java.lang.Object, java.lang.Object, java.lang.Object, long, long, long)'> (0x000000008c17c110) 
thrown [s\src\hotspot\share\interpreter\linkResolver.cpp, line 773]
Event: 560.812 Thread 0x0000024982cb32a0 Exception <a 'java/lang/NoSuchMethodError'{0x000000008c18b300}: 'int java.lang.invoke.DelegatingMethodHandle$Holder.reinvoke_L(java.lang.Object, java.lang.Object, java.lang.Object, long, int)'> (0x000000008c18b300) 
thrown [s\src\hotspot\share\interpreter\linkResolver.cpp, line 773]
Event: 560.813 Thread 0x0000024982cb32a0 Exception <a 'java/lang/NoSuchMethodError'{0x000000008c1a1658}: 'void java.lang.invoke.DelegatingMethodHandle$Holder.reinvoke_L(java.lang.Object, java.lang.Object, java.lang.Object, long, java.lang.Object, long, long)'> (0x000000008c1a1658) 
thrown [s\src\hotspot\share\interpreter\linkResolver.cpp, line 773]
Event: 560.813 Thread 0x0000024982cb32a0 Exception <a 'java/lang/NoSuchMethodError'{0x000000008c1a94e0}: 'long java.lang.invoke.Invokers$Holder.invokeExact_MT(java.lang.Object, java.lang.Object, java.lang.Object)'> (0x000000008c1a94e0) 
thrown [s\src\hotspot\share\interpreter\linkResolver.cpp, line 773]
Event: 560.814 Thread 0x0000024982cb32a0 Exception <a 'java/lang/NoSuchMethodError'{0x000000008c1ae278}: 'int java.lang.invoke.Invokers$Holder.invokeExact_MT(java.lang.Object, java.lang.Object, java.lang.Object)'> (0x000000008c1ae278) 
thrown [s\src\hotspot\share\interpreter\linkResolver.cpp, line 773]
Event: 561.101 Thread 0x0000024982cb32a0 Exception <a 'java/lang/NoSuchMethodError'{0x000000008a2e23a8}: 'java.lang.Object java.lang.invoke.DirectMethodHandle$Holder.invokeStatic(java.lang.Object, java.lang.Object, java.lang.Object, java.lang.Object, int, java.lang.Object)'> (0x000000008a2e23a8) 
thrown [s\src\hotspot\share\interpreter\linkResolver.cpp, line 773]
Event: 561.140 Thread 0x0000024982cb32a0 Exception <a 'java/lang/NoSuchMethodError'{0x000000008a1dce28}: 'long java.lang.invoke.DirectMethodHandle$Holder.invokeStatic(java.lang.Object, java.lang.Object, int)'> (0x000000008a1dce28) 
thrown [s\src\hotspot\share\interpreter\linkResolver.cpp, line 773]
Event: 561.141 Thread 0x0000024982cb32a0 Exception <a 'java/lang/NoSuchMethodError'{0x000000008a1e9240}: 'java.lang.Object java.lang.invoke.DelegatingMethodHandle$Holder.reinvoke_L(java.lang.Object, int, long, java.lang.Object, java.lang.Object, int, java.lang.Object)'> (0x000000008a1e9240) 
thrown [s\src\hotspot\share\interpreter\linkResolver.cpp, line 773]
Event: 561.363 Thread 0x0000024982cb32a0 Exception <a 'java/lang/NoSuchMethodError'{0x0000000088e1e368}: 'java.lang.Object java.lang.invoke.Invokers$Holder.invokeExact_MT(java.lang.Object, java.lang.Object, long, java.lang.Object)'> (0x0000000088e1e368) 
thrown [s\src\hotspot\share\interpreter\linkResolver.cpp, line 773]
Event: 561.444 Thread 0x0000024982cb32a0 Implicit null exception at 0x00000249ac9b34eb to 0x00000249ac9b4058

ZGC Phase Switch (0 events):
No events

VM Operations (20 events):
Event: 560.769 Executing non-safepoint VM operation: HandshakeAllThreads (Deoptimize)
Event: 560.769 Executing non-safepoint VM operation: HandshakeAllThreads (Deoptimize) done
Event: 560.775 Executing safepoint VM operation: G1CollectForAllocation (G1 Evacuation Pause)
Event: 560.779 Executing safepoint VM operation: G1CollectForAllocation (G1 Evacuation Pause) done
Event: 560.851 Executing non-safepoint VM operation: HandshakeAllThreads (Deoptimize)
Event: 560.851 Executing non-safepoint VM operation: HandshakeAllThreads (Deoptimize) done
Event: 560.853 Executing non-safepoint VM operation: HandshakeAllThreads (Deoptimize)
Event: 560.853 Executing non-safepoint VM operation: HandshakeAllThreads (Deoptimize) done
Event: 561.161 Executing non-safepoint VM operation: HandshakeAllThreads (Deoptimize)
Event: 561.161 Executing non-safepoint VM operation: HandshakeAllThreads (Deoptimize) done
Event: 561.326 Executing non-safepoint VM operation: HandshakeAllThreads (Deoptimize)
Event: 561.326 Executing non-safepoint VM operation: HandshakeAllThreads (Deoptimize) done
Event: 561.396 Executing non-safepoint VM operation: HandshakeAllThreads (Deoptimize)
Event: 561.396 Executing non-safepoint VM operation: HandshakeAllThreads (Deoptimize) done
Event: 561.424 Executing safepoint VM operation: G1TryInitiateConcMark (G1 Humongous Allocation)
Event: 561.430 Executing safepoint VM operation: G1TryInitiateConcMark (G1 Humongous Allocation) done
Event: 561.460 Executing safepoint VM operation: G1PauseRemark
Event: 561.475 Executing safepoint VM operation: G1PauseRemark done
Event: 561.494 Executing safepoint VM operation: G1PauseCleanup
Event: 561.495 Executing safepoint VM operation: G1PauseCleanup done

Memory protections (0 events):
No events

Nmethod flushes (20 events):
Event: 561.474 Thread 0x00000249ba7fe100 flushing  nmethod 0x00000249a55a7b90
Event: 561.474 Thread 0x00000249ba7fe100 flushing  nmethod 0x00000249a55bfb10
Event: 561.474 Thread 0x00000249ba7fe100 flushing  nmethod 0x00000249a55c0510
Event: 561.474 Thread 0x00000249ba7fe100 flushing  nmethod 0x00000249a55c0b10
Event: 561.474 Thread 0x00000249ba7fe100 flushing  nmethod 0x00000249a55c1010
Event: 561.474 Thread 0x00000249ba7fe100 flushing  nmethod 0x00000249a55c2310
Event: 561.474 Thread 0x00000249ba7fe100 flushing  nmethod 0x00000249a55f0710
Event: 561.474 Thread 0x00000249ba7fe100 flushing  nmethod 0x00000249a586a310
Event: 561.474 Thread 0x00000249ba7fe100 flushing  nmethod 0x00000249a586b690
Event: 561.474 Thread 0x00000249ba7fe100 flushing  nmethod 0x00000249a586d790
Event: 561.474 Thread 0x00000249ba7fe100 flushing  nmethod 0x00000249a586f810
Event: 561.474 Thread 0x00000249ba7fe100 flushing  nmethod 0x00000249a5871490
Event: 561.474 Thread 0x00000249ba7fe100 flushing  nmethod 0x00000249a5889b90
Event: 561.474 Thread 0x00000249ba7fe100 flushing  nmethod 0x00000249a588d910
Event: 561.474 Thread 0x00000249ba7fe100 flushing  nmethod 0x00000249a588f010
Event: 561.474 Thread 0x00000249ba7fe100 flushing  nmethod 0x00000249a5dda210
Event: 561.474 Thread 0x00000249ba7fe100 flushing  nmethod 0x00000249a5e29e90
Event: 561.474 Thread 0x00000249ba7fe100 flushing  nmethod 0x00000249a6444490
Event: 561.474 Thread 0x00000249ba7fe100 flushing  nmethod 0x00000249a6445590
Event: 561.474 Thread 0x00000249ba7fe100 flushing  nmethod 0x00000249a6465810

Events (20 events):
Event: 136.566 Thread 0x0000024982cb2580 Thread exited: 0x0000024982cb2580
Event: 136.566 Thread 0x0000024981c7ec70 Thread exited: 0x0000024981c7ec70
Event: 560.343 Thread 0x0000024981e42f20 Thread added: 0x0000024982cb04b0
Event: 560.343 Thread 0x0000024982cb04b0 Thread added: 0x0000024982cb1860
Event: 560.346 Thread 0x0000024982cb04b0 Thread added: 0x0000024982cb0b40
Event: 560.349 Thread 0x0000024982cb04b0 Thread added: 0x0000024982cb32a0
Event: 560.350 Thread 0x0000024982cb32a0 Thread added: 0x0000024982cb2580
Event: 560.351 Thread 0x0000024982cb32a0 Thread added: 0x0000024982cafe20
Event: 560.351 Thread 0x0000024982cb32a0 Thread added: 0x0000024982cb2c10
Event: 560.358 Thread 0x0000024982cb32a0 Thread added: 0x0000024982cb3930
Event: 560.362 Thread 0x0000024982cb32a0 Thread added: 0x0000024982cb3fc0
Event: 561.185 Thread 0x00000249ba9da8c0 Thread added: 0x0000024986302470
Event: 561.185 Thread 0x00000249ba9da8c0 Thread added: 0x0000024986303210
Event: 561.185 Thread 0x0000024986303210 Thread added: 0x0000024986302b40
Event: 561.475 Thread 0x0000024986303210 Thread added: 0x0000024986304d50
Event: 561.485 Thread 0x0000024986302470 Thread added: 0x00000249863061c0
Event: 561.503 Thread 0x0000024986304d50 Thread added: 0x0000024986306890
Event: 561.505 Thread 0x00000249863061c0 Thread added: 0x00000249863038e0
Event: 561.513 Thread 0x00000249863038e0 Thread added: 0x0000024986306f60
Event: 561.514 Thread 0x00000249863038e0 Thread added: 0x0000024986307630


Dynamic libraries:
0x00007ff677390000 - 0x00007ff67739e000 	C:\Users\User\.vscode\extensions\redhat.java-1.54.0-win32-x64\jre\21.0.10-win32-x86_64\bin\java.exe
0x00007ff8a0e20000 - 0x00007ff8a1087000 	C:\WINDOWS\SYSTEM32\ntdll.dll
0x00007ff89ff10000 - 0x00007ff89ffd9000 	C:\WINDOWS\System32\KERNEL32.DLL
0x00007ff89e010000 - 0x00007ff89e404000 	C:\WINDOWS\System32\KERNELBASE.dll
0x00007ff89e440000 - 0x00007ff89e58b000 	C:\WINDOWS\System32\ucrtbase.dll
0x00007ff85f090000 - 0x00007ff85f0ae000 	C:\Users\User\.vscode\extensions\redhat.java-1.54.0-win32-x64\jre\21.0.10-win32-x86_64\bin\VCRUNTIME140.dll
0x00007ff85edb0000 - 0x00007ff85edc8000 	C:\Users\User\.vscode\extensions\redhat.java-1.54.0-win32-x64\jre\21.0.10-win32-x86_64\bin\jli.dll
0x00007ff8a0a80000 - 0x00007ff8a0c45000 	C:\WINDOWS\System32\USER32.dll
0x00007ff87e830000 - 0x00007ff87eac3000 	C:\WINDOWS\WinSxS\amd64_microsoft.windows.common-controls_6595b64144ccf1df_6.0.26100.8115_none_3e075c82e3354f9c\COMCTL32.dll
0x00007ff89e410000 - 0x00007ff89e437000 	C:\WINDOWS\System32\win32u.dll
0x00007ff8a00a0000 - 0x00007ff8a0149000 	C:\WINDOWS\System32\msvcrt.dll
0x00007ff8a0db0000 - 0x00007ff8a0ddb000 	C:\WINDOWS\System32\GDI32.dll
0x00007ff89e700000 - 0x00007ff89e82b000 	C:\WINDOWS\System32\gdi32full.dll
0x00007ff89ea40000 - 0x00007ff89eae3000 	C:\WINDOWS\System32\msvcp_win.dll
0x00007ff8a0750000 - 0x00007ff8a0782000 	C:\WINDOWS\System32\IMM32.DLL
0x00007ff898940000 - 0x00007ff89894c000 	C:\Users\User\.vscode\extensions\redhat.java-1.54.0-win32-x64\jre\21.0.10-win32-x86_64\bin\vcruntime140_1.dll
0x00007ff808d70000 - 0x00007ff808dfd000 	C:\Users\User\.vscode\extensions\redhat.java-1.54.0-win32-x64\jre\21.0.10-win32-x86_64\bin\msvcp140.dll
0x00007fffa7430000 - 0x00007fffa81d1000 	C:\Users\User\.vscode\extensions\redhat.java-1.54.0-win32-x64\jre\21.0.10-win32-x86_64\bin\server\jvm.dll
0x00007ff89ec40000 - 0x00007ff89ecf6000 	C:\WINDOWS\System32\ADVAPI32.dll
0x00007ff89ffe0000 - 0x00007ff8a0087000 	C:\WINDOWS\System32\sechost.dll
0x00007ff8a0800000 - 0x00007ff8a0918000 	C:\WINDOWS\System32\RPCRT4.dll
0x00007ff89f1a0000 - 0x00007ff89f220000 	C:\WINDOWS\System32\WS2_32.dll
0x00007ff89c2f0000 - 0x00007ff89c34e000 	C:\WINDOWS\SYSTEM32\POWRPROF.dll
0x00007ff893240000 - 0x00007ff89324b000 	C:\WINDOWS\SYSTEM32\VERSION.dll
0x00007ff89b630000 - 0x00007ff89b666000 	C:\WINDOWS\SYSTEM32\WINMM.dll
0x00007ff89c2d0000 - 0x00007ff89c2e4000 	C:\WINDOWS\SYSTEM32\UMPDC.dll
0x00007ff89c5a0000 - 0x00007ff89c5bb000 	C:\WINDOWS\SYSTEM32\kernel.appcore.dll
0x00007ff87a3f0000 - 0x00007ff87a3fa000 	C:\Users\User\.vscode\extensions\redhat.java-1.54.0-win32-x64\jre\21.0.10-win32-x86_64\bin\jimage.dll
0x00007ff89b3b0000 - 0x00007ff89b5f2000 	C:\WINDOWS\SYSTEM32\DBGHELP.DLL
0x00007ff8a0240000 - 0x00007ff8a05c2000 	C:\WINDOWS\System32\combase.dll
0x00007ff8a0160000 - 0x00007ff8a0238000 	C:\WINDOWS\System32\OLEAUT32.dll
0x00007ff89b370000 - 0x00007ff89b3ab000 	C:\WINDOWS\SYSTEM32\dbgcore.DLL
0x00007ff89d6f0000 - 0x00007ff89d795000 	C:\WINDOWS\System32\bcryptPrimitives.dll
0x00007ff870810000 - 0x00007ff87081f000 	C:\Users\User\.vscode\extensions\redhat.java-1.54.0-win32-x64\jre\21.0.10-win32-x86_64\bin\instrument.dll
0x00007ff855be0000 - 0x00007ff855c00000 	C:\Users\User\.vscode\extensions\redhat.java-1.54.0-win32-x64\jre\21.0.10-win32-x86_64\bin\java.dll
0x00007ff89f6a0000 - 0x00007ff89fe07000 	C:\WINDOWS\System32\SHELL32.dll
0x00007ff89e590000 - 0x00007ff89e6fa000 	C:\WINDOWS\System32\wintypes.dll
0x00007ff89d7a0000 - 0x00007ff89e008000 	C:\WINDOWS\System32\windows.storage.dll
0x00007ff8a0920000 - 0x00007ff8a0a18000 	C:\WINDOWS\System32\SHCORE.dll
0x00007ff8a0790000 - 0x00007ff8a07f6000 	C:\WINDOWS\System32\shlwapi.dll
0x00007ff89d610000 - 0x00007ff89d639000 	C:\WINDOWS\SYSTEM32\profapi.dll
0x00007ff854270000 - 0x00007ff854288000 	C:\Users\User\.vscode\extensions\redhat.java-1.54.0-win32-x64\jre\21.0.10-win32-x86_64\bin\zip.dll
0x00007ff877ba0000 - 0x00007ff877bb0000 	C:\Users\User\.vscode\extensions\redhat.java-1.54.0-win32-x64\jre\21.0.10-win32-x86_64\bin\net.dll
0x00007ff896d60000 - 0x00007ff896e8d000 	C:\WINDOWS\SYSTEM32\WINHTTP.dll
0x00007ff89cb10000 - 0x00007ff89cb7c000 	C:\WINDOWS\system32\mswsock.dll
0x00007ff84ead0000 - 0x00007ff84eae6000 	C:\Users\User\.vscode\extensions\redhat.java-1.54.0-win32-x64\jre\21.0.10-win32-x86_64\bin\nio.dll
0x00007ff870180000 - 0x00007ff870190000 	C:\Users\User\.vscode\extensions\redhat.java-1.54.0-win32-x64\jre\21.0.10-win32-x86_64\bin\verify.dll
0x00007ff854d00000 - 0x00007ff854d27000 	C:\Users\User\.gradle\native\1def1411415f61bf3af743bc5b6707747c0891f09f0c88961ee8f79bc544acac\windows-amd64\native-platform.dll
0x00007ff801a50000 - 0x00007ff801ac8000 	C:\Users\User\.gradle\native\0.2.7\x86_64-windows-gnu\gradle-fileevents.dll
0x00007ff8943d0000 - 0x00007ff8943da000 	C:\Users\User\.vscode\extensions\redhat.java-1.54.0-win32-x64\jre\21.0.10-win32-x86_64\bin\management.dll
0x00007ff86e240000 - 0x00007ff86e24c000 	C:\Users\User\.vscode\extensions\redhat.java-1.54.0-win32-x64\jre\21.0.10-win32-x86_64\bin\management_ext.dll
0x00007ff8a0150000 - 0x00007ff8a0158000 	C:\WINDOWS\System32\PSAPI.DLL
0x00007ff89bfa0000 - 0x00007ff89bfd2000 	C:\WINDOWS\SYSTEM32\IPHLPAPI.DLL
0x00007ff8a0090000 - 0x00007ff8a009a000 	C:\WINDOWS\System32\NSI.dll
0x00007ff873790000 - 0x00007ff873799000 	C:\Users\User\.vscode\extensions\redhat.java-1.54.0-win32-x64\jre\21.0.10-win32-x86_64\bin\extnet.dll
0x00007ff89cdf0000 - 0x00007ff89ce0b000 	C:\WINDOWS\SYSTEM32\CRYPTSP.dll
0x00007ff89c500000 - 0x00007ff89c539000 	C:\WINDOWS\system32\rsaenh.dll
0x00007ff89cbc0000 - 0x00007ff89cbf3000 	C:\WINDOWS\SYSTEM32\USERENV.dll
0x00007ff89d5e0000 - 0x00007ff89d60a000 	C:\WINDOWS\SYSTEM32\bcrypt.dll
0x00007ff89ce10000 - 0x00007ff89ce1c000 	C:\WINDOWS\SYSTEM32\CRYPTBASE.dll
0x00007ff873e30000 - 0x00007ff873e3e000 	C:\Users\User\.vscode\extensions\redhat.java-1.54.0-win32-x64\jre\21.0.10-win32-x86_64\bin\sunmscapi.dll
0x00007ff89e8c0000 - 0x00007ff89ea37000 	C:\WINDOWS\System32\CRYPT32.dll
0x00007ff89d010000 - 0x00007ff89d040000 	C:\WINDOWS\SYSTEM32\ncrypt.dll
0x00007ff89cfc0000 - 0x00007ff89cfff000 	C:\WINDOWS\SYSTEM32\NTASN1.dll
0x00007ff87ddf0000 - 0x00007ff87ddf8000 	C:\WINDOWS\system32\wshunix.dll
0x00007ff89bfe0000 - 0x00007ff89c112000 	C:\WINDOWS\SYSTEM32\DNSAPI.dll
0x00007ff8953c0000 - 0x00007ff8953cb000 	C:\Windows\System32\rasadhlp.dll
0x00007ff897260000 - 0x00007ff8972e6000 	C:\WINDOWS\System32\fwpuclnt.dll
0x00007ff870ca0000 - 0x00007ff870cb8000 	C:\WINDOWS\system32\napinsp.dll
0x00007ff870c80000 - 0x00007ff870c93000 	C:\WINDOWS\System32\winrnr.dll
0x00007ff870c50000 - 0x00007ff870c72000 	C:\WINDOWS\system32\nlansp_c.dll
0x00007ff894c10000 - 0x00007ff894c26000 	C:\WINDOWS\system32\wshbth.dll

JVMTI agents:
C:\Users\User\.gradle\wrapper\dists\gradle-8.13-bin\5xuhj0ry160q40clulazy9h7d\gradle-8.13\lib\agents\gradle-instrumentation-agent-8.13.jar path:C:\Users\User\.vscode\extensions\redhat.java-1.54.0-win32-x64\jre\21.0.10-win32-x86_64\bin\instrument.dll, loaded, initialized, instrumentlib options:none

dbghelp: loaded successfully - version: 4.0.5 - missing functions: none
symbol engine: initialized successfully - sym options: 0x614 - pdb path: .;C:\Users\User\.vscode\extensions\redhat.java-1.54.0-win32-x64\jre\21.0.10-win32-x86_64\bin;C:\WINDOWS\SYSTEM32;C:\WINDOWS\WinSxS\amd64_microsoft.windows.common-controls_6595b64144ccf1df_6.0.26100.8115_none_3e075c82e3354f9c;C:\Users\User\.vscode\extensions\redhat.java-1.54.0-win32-x64\jre\21.0.10-win32-x86_64\bin\server;C:\Users\User\.gradle\native\1def1411415f61bf3af743bc5b6707747c0891f09f0c88961ee8f79bc544acac\windows-amd64;C:\Users\User\.gradle\native\0.2.7\x86_64-windows-gnu

VM Arguments:
jvm_args: --add-opens=java.base/java.lang=ALL-UNNAMED --add-opens=java.base/java.lang.invoke=ALL-UNNAMED --add-opens=java.base/java.util=ALL-UNNAMED --add-opens=java.prefs/java.util.prefs=ALL-UNNAMED --add-exports=jdk.compiler/com.sun.tools.javac.api=ALL-UNNAMED --add-exports=jdk.compiler/com.sun.tools.javac.util=ALL-UNNAMED --add-opens=java.base/java.util=ALL-UNNAMED --add-opens=java.prefs/java.util.prefs=ALL-UNNAMED --add-opens=java.base/java.nio.charset=ALL-UNNAMED --add-opens=java.base/java.net=ALL-UNNAMED --add-opens=java.base/java.util.concurrent.atomic=ALL-UNNAMED --add-opens=java.xml/javax.xml.namespace=ALL-UNNAMED -Xmx2048m -Dfile.encoding=UTF-8 -Duser.country=US -Duser.language=en -Duser.variant -javaagent:C:\Users\User\.gradle\wrapper\dists\gradle-8.13-bin\5xuhj0ry160q40clulazy9h7d\gradle-8.13\lib\agents\gradle-instrumentation-agent-8.13.jar 
java_command: org.gradle.launcher.daemon.bootstrap.GradleDaemon 8.13
java_class_path (initial): C:\Users\User\.gradle\wrapper\dists\gradle-8.13-bin\5xuhj0ry160q40clulazy9h7d\gradle-8.13\lib\gradle-daemon-main-8.13.jar
Launcher Type: SUN_STANDARD

[Global flags]
     intx CICompilerCount                          = 12                                        {product} {ergonomic}
     uint ConcGCThreads                            = 4                                         {product} {ergonomic}
     uint G1ConcRefinementThreads                  = 15                                        {product} {ergonomic}
   size_t G1HeapRegionSize                         = 1048576                                   {product} {ergonomic}
    uintx GCDrainStackTargetSize                   = 64                                        {product} {ergonomic}
   size_t InitialHeapSize                          = 264241152                                 {product} {ergonomic}
   size_t MarkStackSize                            = 4194304                                   {product} {ergonomic}
   size_t MaxHeapSize                              = 2147483648                                {product} {command line}
   size_t MaxNewSize                               = 1287651328                                {product} {ergonomic}
   size_t MinHeapDeltaBytes                        = 1048576                                   {product} {ergonomic}
   size_t MinHeapSize                              = 8388608                                   {product} {ergonomic}
    uintx NonNMethodCodeHeapSize                   = 7602480                                {pd product} {ergonomic}
    uintx NonProfiledCodeHeapSize                  = 122027880                              {pd product} {ergonomic}
    uintx ProfiledCodeHeapSize                     = 122027880                              {pd product} {ergonomic}
    uintx ReservedCodeCacheSize                    = 251658240                              {pd product} {ergonomic}
     bool SegmentedCodeCache                       = true                                      {product} {ergonomic}
   size_t SoftMaxHeapSize                          = 2147483648                             {manageable} {ergonomic}
     bool UseCompressedOops                        = true                           {product lp64_product} {ergonomic}
     bool UseG1GC                                  = true                                      {product} {ergonomic}
     bool UseLargePagesIndividualAllocation        = false                                  {pd product} {ergonomic}

Logging:
Log output configuration:
 #0: stdout all=warning uptime,level,tags foldmultilines=false
 #1: stderr all=off uptime,level,tags foldmultilines=false

Release file:
JAVA_VERSION="21.0.10" 
MODULES="java.base java.compiler java.datatransfer java.xml java.prefs java.desktop java.instrument java.logging java.management java.security.sasl java.naming java.rmi java.management.rmi java.net.http java.scripting java.security.jgss java.transaction.xa java.sql java.sql.rowset java.xml.crypto java.se java.smartcardio jdk.accessibility jdk.internal.jvmstat jdk.attach jdk.charsets jdk.internal.opt jdk.zipfs jdk.compiler jdk.crypto.ec jdk.crypto.cryptoki jdk.crypto.mscapi jdk.dynalink jdk.internal.ed jdk.editpad jdk.hotspot.agent jdk.httpserver jdk.internal.le jdk.internal.vm.ci jdk.internal.vm.compiler jdk.internal.vm.compiler.management jdk.jartool jdk.javadoc jdk.jcmd jdk.management jdk.management.agent jdk.jconsole jdk.jdeps jdk.jdwp.agent jdk.jdi jdk.jfr jdk.jshell jdk.jsobject jdk.jstatd jdk.localedata jdk.management.jfr jdk.naming.dns jdk.naming.rmi jdk.net jdk.nio.mapmode jdk.random jdk.sctp jdk.security.auth jdk.security.jgss jdk.unsupported jdk.unsupported.desktop jdk.xml.dom" 

Environment Variables:
PATH=C:\Users\User\AppData\Local\Programs\Microsoft VS Code;C:\Program Files\Common Files\Oracle\Java\javapath;C:\Program Files (x86)\Common Files\Oracle\Java\java8path;C:\Program Files (x86)\Common Files\Oracle\Java\javapath;C:\WINDOWS\system32;C:\WINDOWS;C:\WINDOWS\System32\Wbem;C:\WINDOWS\System32\WindowsPowerShell\v1.0\;C:\WINDOWS\System32\OpenSSH\;C:\Program Files (x86)\NVIDIA Corporation\PhysX\Common;C:\Program Files\nodejs\;C:\Program Files\Docker\Docker\resources\bin;C:\Program Files\NVIDIA Corporation\NVIDIA App\NvDLISR;C:\Program Files\Seelen\Seelen UI;C:\Program Files\GitHub CLI\;C:\Program Files\PuTTY\;C:\Program Files\Git\cmd;C:\Users\User\.console-ninja\.bin;C:\Users\User\AppData\Local\Programs\Python\Python313\Scripts\;C:\Users\User\AppData\Local\Programs\Python\Python313\;C:\Users\User\AppData\Local\Programs\Python\Launcher\;C:\Users\User\AppData\Local\Microsoft\WindowsApps;C:\Users\User\AppData\Local\Programs\Microsoft VS Code\bin;C:\MinGW\bin;C:\msys64\ucrt64\bin;C:\Users\User\AppData\Local\GitHubDesktop\bin;C:\Users\User\AppData\Roaming\npm;C:\Users\User\AppData\Local\Programs\cursor\resources\app\bin;C:\Program Files (x86)\GnuWin32\bin;C:\Program Files\JetBrains\IntelliJ IDEA Community Edition 2025.2.6.1\bin;C:\Users\User\AppData\Local\PowerToys\DSCModules\;C:\Users\User\AppData\Local\Microsoft\WinGet\Links;
USERNAME=User
OS=Windows_NT
PROCESSOR_IDENTIFIER=Intel64 Family 6 Model 154 Stepping 3, GenuineIntel
TMP=C:\Users\User\AppData\Local\Temp
TEMP=C:\Users\User\AppData\Local\Temp




Periodic native trim disabled

---------------  S Y S T E M  ---------------

OS:
 Windows 11 , 64 bit Build 26100 (10.0.26100.8246)
OS uptime: 1 days 23:57 hours
Hyper-V role detected

CPU: total 20 (initial active 20) (10 cores per cpu, 2 threads per core) family 6 model 154 stepping 3 microcode 0x434, cx8, cmov, fxsr, ht, mmx, 3dnowpref, sse, sse2, sse3, ssse3, sse4.1, sse4.2, popcnt, lzcnt, tsc, tscinvbit, avx, avx2, aes, erms, clmul, bmi1, bmi2, adx, sha, fma, vzeroupper, clflush, clflushopt, clwb, hv, serialize, rdtscp, rdpid, fsrm, f16c, cet_ibt, cet_ss
Processor Information for the first 20 processors :
  Max Mhz: 2500, Current Mhz: 2500, Mhz Limit: 2500

Memory: 4k page, system-wide physical 16124M (1406M free)
TotalPageFile size 24921M (AvailPageFile size 3M)
current process WorkingSet (physical memory assigned to process): 570M, peak: 570M
current process commit charge ("private bytes"): 618M, peak: 618M

vm_info: OpenJDK 64-Bit Server VM (21.0.10+7-LTS) for windows-amd64 JRE (21.0.10+7-LTS), built on 2026-01-20T00:00:00Z by "admin" with MS VC++ 17.12 (VS2022)

END.
